#
# There is insufficient memory for the Java Runtime Environment to continue.
# Native memory allocation (malloc) failed to allocate 380528 bytes for Chunk::new
# Possible reasons:
#   The system is out of physical RAM or swap space
#   The process is running with CompressedOops enabled, and the Java Heap may be blocking the growth of the native heap
# Possible solutions:
#   Reduce memory load on the system
#   Increase physical memory or swap space
#   Check if swap backing store is full
#   Decrease Java heap size (-Xmx/-Xms)
#   Decrease number of Java threads
#   Decrease Java thread stack sizes (-Xss)
#   Set larger code cache with -XX:ReservedCodeCacheSize=
#   JVM is running with Zero Based Compressed Oops mode in which the Java heap is
#     placed in the first 32GB address space. The Java Heap base address is the
#     maximum limit for the native heap growth. Please use -XX:HeapBaseMinAddress
#     to set the Java Heap base and to place the Java Heap above 32GB virtual address.
# This output file may be truncated or incomplete.
#
#  Out of Memory Error (arena.cpp:189), pid=11592, tid=7644
#
# JRE version: Java(TM) SE Runtime Environment (17.0.8+9) (build 17.0.8+9-LTS-211)
# Java VM: Java HotSpot(TM) 64-Bit Server VM (17.0.8+9-LTS-211, mixed mode, sharing, tiered, compressed oops, compressed class ptrs, g1 gc, windows-amd64)
# No core dump will be written. Minidumps are not enabled by default on client versions of Windows
#

---------------  S U M M A R Y ------------

Command Line: -Dclassworlds.conf=C:\Program Files\NetBeans-19\netbeans\java\maven\bin\m2.conf -Dmaven.home=C:\Program Files\NetBeans-19\netbeans\java\maven -Dlibrary.jansi.path=C:\Program Files\NetBeans-19\netbeans\java\maven\lib\jansi-native -Dmaven.multiModuleProjectDirectory=C:\Users\conta\OneDrive\Documents\Projects\QLKS org.codehaus.plexus.classworlds.launcher.Launcher -Dexec.vmArgs= -Dexec.args=${exec.vmArgs} -classpath %classpath ${exec.mainClass} ${exec.appArgs} -Dexec.appArgs= -Dexec.mainClass=com.mycompany.qlks.QLKS -Dexec.executable=C:\Program Files\Java\jdk-17\bin\java.exe -Dmaven.ext.class.path=C:\Program Files\NetBeans-19\netbeans\java\maven-nblib\netbeans-eventspy.jar -Dfile.encoding=UTF-8 --no-transfer-progress process-classes org.codehaus.mojo:exec-maven-plugin:3.1.0:exec

Host: 11th Gen Intel(R) Core(TM) i5-1145G7 @ 2.60GHz, 8 cores, 15G,  Windows 11 , 64 bit Build 22621 (10.0.22621.2506)
Time: Thu Nov 23 15:54:34 2023 SE Asia Standard Time elapsed time: 0.925370 seconds (0d 0h 0m 0s)

---------------  T H R E A D  ---------------

Current thread (0x000002c74b5601e0):  JavaThread "C2 CompilerThread1" daemon [_thread_in_native, id=7644, stack(0x000000f1cfb00000,0x000000f1cfc00000)]


Current CompileTask:
C2:    925  652   !   4       jdk.internal.loader.URLClassPath$JarLoader::getResource (65 bytes)

Stack: [0x000000f1cfb00000,0x000000f1cfc00000]
Native frames: (J=compiled Java code, j=interpreted, Vv=VM code, C=native code)
V  [jvm.dll+0x677d0a]
V  [jvm.dll+0x7d8c54]
V  [jvm.dll+0x7da3fe]
V  [jvm.dll+0x7daa63]
V  [jvm.dll+0x245c5f]
V  [jvm.dll+0xaaa6b]
V  [jvm.dll+0xab00c]
V  [jvm.dll+0x361e8e]
V  [jvm.dll+0x1bb87a]
V  [jvm.dll+0x218157]
V  [jvm.dll+0x217431]
V  [jvm.dll+0x1a3af0]
V  [jvm.dll+0x2270be]
V  [jvm.dll+0x22535b]
V  [jvm.dll+0x78e7bc]
V  [jvm.dll+0x788bba]
V  [jvm.dll+0x676b35]
C  [ucrtbase.dll+0x29363]
C  [KERNEL32.DLL+0x1257d]
C  [ntdll.dll+0x5aa58]


---------------  P R O C E S S  ---------------

Threads class SMR info:
_java_thread_list=0x000002c764295550, length=13, elements={
0x000002c7641d1380, 0x000002c74b00b230, 0x000002c74b00bde0, 0x000002c74b021fd0,
0x000002c74b022b80, 0x000002c74b027960, 0x000002c74b028310, 0x000002c74b0290a0,
0x000002c74b02d040, 0x000002c74b046200, 0x000002c74b160540, 0x000002c74b1634c0,
0x000002c74b5601e0
}

Java Threads: ( => current thread )
  0x000002c7641d1380 JavaThread "main" [_thread_in_native, id=6684, stack(0x000000f1ce800000,0x000000f1ce900000)]
  0x000002c74b00b230 JavaThread "Reference Handler" daemon [_thread_blocked, id=2924, stack(0x000000f1cef00000,0x000000f1cf000000)]
  0x000002c74b00bde0 JavaThread "Finalizer" daemon [_thread_blocked, id=4408, stack(0x000000f1cf000000,0x000000f1cf100000)]
  0x000002c74b021fd0 JavaThread "Signal Dispatcher" daemon [_thread_blocked, id=21492, stack(0x000000f1cf100000,0x000000f1cf200000)]
  0x000002c74b022b80 JavaThread "Attach Listener" daemon [_thread_blocked, id=14628, stack(0x000000f1cf200000,0x000000f1cf300000)]
  0x000002c74b027960 JavaThread "Service Thread" daemon [_thread_blocked, id=9896, stack(0x000000f1cf300000,0x000000f1cf400000)]
  0x000002c74b028310 JavaThread "Monitor Deflation Thread" daemon [_thread_blocked, id=20124, stack(0x000000f1cf400000,0x000000f1cf500000)]
  0x000002c74b0290a0 JavaThread "C2 CompilerThread0" daemon [_thread_in_native, id=9516, stack(0x000000f1cf500000,0x000000f1cf600000)]
  0x000002c74b02d040 JavaThread "C1 CompilerThread0" daemon [_thread_blocked, id=21124, stack(0x000000f1cf600000,0x000000f1cf700000)]
  0x000002c74b046200 JavaThread "Sweeper thread" daemon [_thread_blocked, id=13060, stack(0x000000f1cf700000,0x000000f1cf800000)]
  0x000002c74b160540 JavaThread "Notification Thread" daemon [_thread_blocked, id=3888, stack(0x000000f1cf800000,0x000000f1cf900000)]
  0x000002c74b1634c0 JavaThread "Common-Cleaner" daemon [_thread_blocked, id=18104, stack(0x000000f1cfa00000,0x000000f1cfb00000)]
=>0x000002c74b5601e0 JavaThread "C2 CompilerThread1" daemon [_thread_in_native, id=7644, stack(0x000000f1cfb00000,0x000000f1cfc00000)]

Other Threads:
  0x000002c74b004ea0 VMThread "VM Thread" [stack: 0x000000f1cee00000,0x000000f1cef00000] [id=9600]
  0x000002c74b160e20 WatcherThread [stack: 0x000000f1cf900000,0x000000f1cfa00000] [id=14152]
  0x000002c76423c8f0 GCTaskThread "GC Thread#0" [stack: 0x000000f1ce900000,0x000000f1cea00000] [id=4976]
  0x000002c76424e390 ConcurrentGCThread "G1 Main Marker" [stack: 0x000000f1cea00000,0x000000f1ceb00000] [id=18348]
  0x000002c76424f750 ConcurrentGCThread "G1 Conc#0" [stack: 0x000000f1ceb00000,0x000000f1cec00000] [id=4944]
  0x000002c77eb06800 ConcurrentGCThread "G1 Refine#0" [stack: 0x000000f1cec00000,0x000000f1ced00000] [id=6408]
  0x000002c77eb07220 ConcurrentGCThread "G1 Service" [stack: 0x000000f1ced00000,0x000000f1cee00000] [id=17620]

Threads with active compile tasks:
C2 CompilerThread0      954  717 %     4       java.lang.StringLatin1::inflate @ 3 (34 bytes)
C2 CompilerThread1      954  652   !   4       jdk.internal.loader.URLClassPath$JarLoader::getResource (65 bytes)

VM state: not at safepoint (normal execution)

VM Mutex/Monitor currently owned by a thread: None

Heap address: 0x0000000704a00000, size: 4022 MB, Compressed Oops mode: Zero based, Oop shift amount: 3

CDS archive(s) mapped at: [0x000002c70a000000-0x000002c70abd0000-0x000002c70abd0000), size 12386304, SharedBaseAddress: 0x000002c70a000000, ArchiveRelocationMode: 1.
Compressed class space mapped at: 0x000002c70b000000-0x000002c74b000000, reserved size: 1073741824
Narrow klass base: 0x000002c70a000000, Narrow klass shift: 0, Narrow klass range: 0x100000000

GC Precious Log:
 CPUs: 8 total, 8 available
 Memory: 16087M
 Large Page Support: Disabled
 NUMA Support: Disabled
 Compressed Oops: Enabled (Zero based)
 Heap Region Size: 2M
 Heap Min Capacity: 8M
 Heap Initial Capacity: 252M
 Heap Max Capacity: 4022M
 Pre-touch: Disabled
 Parallel Workers: 8
 Concurrent Workers: 2
 Concurrent Refinement Workers: 8
 Periodic GC: Disabled

Heap:
 garbage-first heap   total 258048K, used 10240K [0x0000000704a00000, 0x0000000800000000)
  region size 2048K, 6 young (12288K), 0 survivors (0K)
 Metaspace       used 3151K, committed 3264K, reserved 1114112K
  class space    used 333K, committed 384K, reserved 1048576K

Heap Regions: E=young(eden), S=young(survivor), O=old, HS=humongous(starts), HC=humongous(continues), CS=collection set, F=free, OA=open archive, CA=closed archive, TAMS=top-at-mark-start (previous, next)
|   0|0x0000000704a00000, 0x0000000704a00000, 0x0000000704c00000|  0%| F|  |TAMS 0x0000000704a00000, 0x0000000704a00000| Untracked 
|   1|0x0000000704c00000, 0x0000000704c00000, 0x0000000704e00000|  0%| F|  |TAMS 0x0000000704c00000, 0x0000000704c00000| Untracked 
|   2|0x0000000704e00000, 0x0000000704e00000, 0x0000000705000000|  0%| F|  |TAMS 0x0000000704e00000, 0x0000000704e00000| Untracked 
|   3|0x0000000705000000, 0x0000000705000000, 0x0000000705200000|  0%| F|  |TAMS 0x0000000705000000, 0x0000000705000000| Untracked 
|   4|0x0000000705200000, 0x0000000705200000, 0x0000000705400000|  0%| F|  |TAMS 0x0000000705200000, 0x0000000705200000| Untracked 
|   5|0x0000000705400000, 0x0000000705400000, 0x0000000705600000|  0%| F|  |TAMS 0x0000000705400000, 0x0000000705400000| Untracked 
|   6|0x0000000705600000, 0x0000000705600000, 0x0000000705800000|  0%| F|  |TAMS 0x0000000705600000, 0x0000000705600000| Untracked 
|   7|0x0000000705800000, 0x0000000705800000, 0x0000000705a00000|  0%| F|  |TAMS 0x0000000705800000, 0x0000000705800000| Untracked 
|   8|0x0000000705a00000, 0x0000000705a00000, 0x0000000705c00000|  0%| F|  |TAMS 0x0000000705a00000, 0x0000000705a00000| Untracked 
|   9|0x0000000705c00000, 0x0000000705c00000, 0x0000000705e00000|  0%| F|  |TAMS 0x0000000705c00000, 0x0000000705c00000| Untracked 
|  10|0x0000000705e00000, 0x0000000705e00000, 0x0000000706000000|  0%| F|  |TAMS 0x0000000705e00000, 0x0000000705e00000| Untracked 
|  11|0x0000000706000000, 0x0000000706000000, 0x0000000706200000|  0%| F|  |TAMS 0x0000000706000000, 0x0000000706000000| Untracked 
|  12|0x0000000706200000, 0x0000000706200000, 0x0000000706400000|  0%| F|  |TAMS 0x0000000706200000, 0x0000000706200000| Untracked 
|  13|0x0000000706400000, 0x0000000706400000, 0x0000000706600000|  0%| F|  |TAMS 0x0000000706400000, 0x0000000706400000| Untracked 
|  14|0x0000000706600000, 0x0000000706600000, 0x0000000706800000|  0%| F|  |TAMS 0x0000000706600000, 0x0000000706600000| Untracked 
|  15|0x0000000706800000, 0x0000000706800000, 0x0000000706a00000|  0%| F|  |TAMS 0x0000000706800000, 0x0000000706800000| Untracked 
|  16|0x0000000706a00000, 0x0000000706a00000, 0x0000000706c00000|  0%| F|  |TAMS 0x0000000706a00000, 0x0000000706a00000| Untracked 
|  17|0x0000000706c00000, 0x0000000706c00000, 0x0000000706e00000|  0%| F|  |TAMS 0x0000000706c00000, 0x0000000706c00000| Untracked 
|  18|0x0000000706e00000, 0x0000000706e00000, 0x0000000707000000|  0%| F|  |TAMS 0x0000000706e00000, 0x0000000706e00000| Untracked 
|  19|0x0000000707000000, 0x0000000707000000, 0x0000000707200000|  0%| F|  |TAMS 0x0000000707000000, 0x0000000707000000| Untracked 
|  20|0x0000000707200000, 0x0000000707200000, 0x0000000707400000|  0%| F|  |TAMS 0x0000000707200000, 0x0000000707200000| Untracked 
|  21|0x0000000707400000, 0x0000000707400000, 0x0000000707600000|  0%| F|  |TAMS 0x0000000707400000, 0x0000000707400000| Untracked 
|  22|0x0000000707600000, 0x0000000707600000, 0x0000000707800000|  0%| F|  |TAMS 0x0000000707600000, 0x0000000707600000| Untracked 
|  23|0x0000000707800000, 0x0000000707800000, 0x0000000707a00000|  0%| F|  |TAMS 0x0000000707800000, 0x0000000707800000| Untracked 
|  24|0x0000000707a00000, 0x0000000707a00000, 0x0000000707c00000|  0%| F|  |TAMS 0x0000000707a00000, 0x0000000707a00000| Untracked 
|  25|0x0000000707c00000, 0x0000000707c00000, 0x0000000707e00000|  0%| F|  |TAMS 0x0000000707c00000, 0x0000000707c00000| Untracked 
|  26|0x0000000707e00000, 0x0000000707e00000, 0x0000000708000000|  0%| F|  |TAMS 0x0000000707e00000, 0x0000000707e00000| Untracked 
|  27|0x0000000708000000, 0x0000000708000000, 0x0000000708200000|  0%| F|  |TAMS 0x0000000708000000, 0x0000000708000000| Untracked 
|  28|0x0000000708200000, 0x0000000708200000, 0x0000000708400000|  0%| F|  |TAMS 0x0000000708200000, 0x0000000708200000| Untracked 
|  29|0x0000000708400000, 0x0000000708400000, 0x0000000708600000|  0%| F|  |TAMS 0x0000000708400000, 0x0000000708400000| Untracked 
|  30|0x0000000708600000, 0x0000000708600000, 0x0000000708800000|  0%| F|  |TAMS 0x0000000708600000, 0x0000000708600000| Untracked 
|  31|0x0000000708800000, 0x0000000708800000, 0x0000000708a00000|  0%| F|  |TAMS 0x0000000708800000, 0x0000000708800000| Untracked 
|  32|0x0000000708a00000, 0x0000000708a00000, 0x0000000708c00000|  0%| F|  |TAMS 0x0000000708a00000, 0x0000000708a00000| Untracked 
|  33|0x0000000708c00000, 0x0000000708c00000, 0x0000000708e00000|  0%| F|  |TAMS 0x0000000708c00000, 0x0000000708c00000| Untracked 
|  34|0x0000000708e00000, 0x0000000708e00000, 0x0000000709000000|  0%| F|  |TAMS 0x0000000708e00000, 0x0000000708e00000| Untracked 
|  35|0x0000000709000000, 0x0000000709000000, 0x0000000709200000|  0%| F|  |TAMS 0x0000000709000000, 0x0000000709000000| Untracked 
|  36|0x0000000709200000, 0x0000000709200000, 0x0000000709400000|  0%| F|  |TAMS 0x0000000709200000, 0x0000000709200000| Untracked 
|  37|0x0000000709400000, 0x0000000709400000, 0x0000000709600000|  0%| F|  |TAMS 0x0000000709400000, 0x0000000709400000| Untracked 
|  38|0x0000000709600000, 0x0000000709600000, 0x0000000709800000|  0%| F|  |TAMS 0x0000000709600000, 0x0000000709600000| Untracked 
|  39|0x0000000709800000, 0x0000000709800000, 0x0000000709a00000|  0%| F|  |TAMS 0x0000000709800000, 0x0000000709800000| Untracked 
|  40|0x0000000709a00000, 0x0000000709a00000, 0x0000000709c00000|  0%| F|  |TAMS 0x0000000709a00000, 0x0000000709a00000| Untracked 
|  41|0x0000000709c00000, 0x0000000709c00000, 0x0000000709e00000|  0%| F|  |TAMS 0x0000000709c00000, 0x0000000709c00000| Untracked 
|  42|0x0000000709e00000, 0x0000000709e00000, 0x000000070a000000|  0%| F|  |TAMS 0x0000000709e00000, 0x0000000709e00000| Untracked 
|  43|0x000000070a000000, 0x000000070a000000, 0x000000070a200000|  0%| F|  |TAMS 0x000000070a000000, 0x000000070a000000| Untracked 
|  44|0x000000070a200000, 0x000000070a200000, 0x000000070a400000|  0%| F|  |TAMS 0x000000070a200000, 0x000000070a200000| Untracked 
|  45|0x000000070a400000, 0x000000070a400000, 0x000000070a600000|  0%| F|  |TAMS 0x000000070a400000, 0x000000070a400000| Untracked 
|  46|0x000000070a600000, 0x000000070a600000, 0x000000070a800000|  0%| F|  |TAMS 0x000000070a600000, 0x000000070a600000| Untracked 
|  47|0x000000070a800000, 0x000000070a800000, 0x000000070aa00000|  0%| F|  |TAMS 0x000000070a800000, 0x000000070a800000| Untracked 
|  48|0x000000070aa00000, 0x000000070aa00000, 0x000000070ac00000|  0%| F|  |TAMS 0x000000070aa00000, 0x000000070aa00000| Untracked 
|  49|0x000000070ac00000, 0x000000070ac00000, 0x000000070ae00000|  0%| F|  |TAMS 0x000000070ac00000, 0x000000070ac00000| Untracked 
|  50|0x000000070ae00000, 0x000000070ae00000, 0x000000070b000000|  0%| F|  |TAMS 0x000000070ae00000, 0x000000070ae00000| Untracked 
|  51|0x000000070b000000, 0x000000070b000000, 0x000000070b200000|  0%| F|  |TAMS 0x000000070b000000, 0x000000070b000000| Untracked 
|  52|0x000000070b200000, 0x000000070b200000, 0x000000070b400000|  0%| F|  |TAMS 0x000000070b200000, 0x000000070b200000| Untracked 
|  53|0x000000070b400000, 0x000000070b400000, 0x000000070b600000|  0%| F|  |TAMS 0x000000070b400000, 0x000000070b400000| Untracked 
|  54|0x000000070b600000, 0x000000070b600000, 0x000000070b800000|  0%| F|  |TAMS 0x000000070b600000, 0x000000070b600000| Untracked 
|  55|0x000000070b800000, 0x000000070b800000, 0x000000070ba00000|  0%| F|  |TAMS 0x000000070b800000, 0x000000070b800000| Untracked 
|  56|0x000000070ba00000, 0x000000070ba00000, 0x000000070bc00000|  0%| F|  |TAMS 0x000000070ba00000, 0x000000070ba00000| Untracked 
|  57|0x000000070bc00000, 0x000000070bc00000, 0x000000070be00000|  0%| F|  |TAMS 0x000000070bc00000, 0x000000070bc00000| Untracked 
|  58|0x000000070be00000, 0x000000070be00000, 0x000000070c000000|  0%| F|  |TAMS 0x000000070be00000, 0x000000070be00000| Untracked 
|  59|0x000000070c000000, 0x000000070c000000, 0x000000070c200000|  0%| F|  |TAMS 0x000000070c000000, 0x000000070c000000| Untracked 
|  60|0x000000070c200000, 0x000000070c200000, 0x000000070c400000|  0%| F|  |TAMS 0x000000070c200000, 0x000000070c200000| Untracked 
|  61|0x000000070c400000, 0x000000070c400000, 0x000000070c600000|  0%| F|  |TAMS 0x000000070c400000, 0x000000070c400000| Untracked 
|  62|0x000000070c600000, 0x000000070c600000, 0x000000070c800000|  0%| F|  |TAMS 0x000000070c600000, 0x000000070c600000| Untracked 
|  63|0x000000070c800000, 0x000000070c800000, 0x000000070ca00000|  0%| F|  |TAMS 0x000000070c800000, 0x000000070c800000| Untracked 
|  64|0x000000070ca00000, 0x000000070ca00000, 0x000000070cc00000|  0%| F|  |TAMS 0x000000070ca00000, 0x000000070ca00000| Untracked 
|  65|0x000000070cc00000, 0x000000070cc00000, 0x000000070ce00000|  0%| F|  |TAMS 0x000000070cc00000, 0x000000070cc00000| Untracked 
|  66|0x000000070ce00000, 0x000000070ce00000, 0x000000070d000000|  0%| F|  |TAMS 0x000000070ce00000, 0x000000070ce00000| Untracked 
|  67|0x000000070d000000, 0x000000070d000000, 0x000000070d200000|  0%| F|  |TAMS 0x000000070d000000, 0x000000070d000000| Untracked 
|  68|0x000000070d200000, 0x000000070d200000, 0x000000070d400000|  0%| F|  |TAMS 0x000000070d200000, 0x000000070d200000| Untracked 
|  69|0x000000070d400000, 0x000000070d400000, 0x000000070d600000|  0%| F|  |TAMS 0x000000070d400000, 0x000000070d400000| Untracked 
|  70|0x000000070d600000, 0x000000070d600000, 0x000000070d800000|  0%| F|  |TAMS 0x000000070d600000, 0x000000070d600000| Untracked 
|  71|0x000000070d800000, 0x000000070d800000, 0x000000070da00000|  0%| F|  |TAMS 0x000000070d800000, 0x000000070d800000| Untracked 
|  72|0x000000070da00000, 0x000000070da00000, 0x000000070dc00000|  0%| F|  |TAMS 0x000000070da00000, 0x000000070da00000| Untracked 
|  73|0x000000070dc00000, 0x000000070dc00000, 0x000000070de00000|  0%| F|  |TAMS 0x000000070dc00000, 0x000000070dc00000| Untracked 
|  74|0x000000070de00000, 0x000000070de00000, 0x000000070e000000|  0%| F|  |TAMS 0x000000070de00000, 0x000000070de00000| Untracked 
|  75|0x000000070e000000, 0x000000070e000000, 0x000000070e200000|  0%| F|  |TAMS 0x000000070e000000, 0x000000070e000000| Untracked 
|  76|0x000000070e200000, 0x000000070e200000, 0x000000070e400000|  0%| F|  |TAMS 0x000000070e200000, 0x000000070e200000| Untracked 
|  77|0x000000070e400000, 0x000000070e400000, 0x000000070e600000|  0%| F|  |TAMS 0x000000070e400000, 0x000000070e400000| Untracked 
|  78|0x000000070e600000, 0x000000070e600000, 0x000000070e800000|  0%| F|  |TAMS 0x000000070e600000, 0x000000070e600000| Untracked 
|  79|0x000000070e800000, 0x000000070e800000, 0x000000070ea00000|  0%| F|  |TAMS 0x000000070e800000, 0x000000070e800000| Untracked 
|  80|0x000000070ea00000, 0x000000070ea00000, 0x000000070ec00000|  0%| F|  |TAMS 0x000000070ea00000, 0x000000070ea00000| Untracked 
|  81|0x000000070ec00000, 0x000000070ec00000, 0x000000070ee00000|  0%| F|  |TAMS 0x000000070ec00000, 0x000000070ec00000| Untracked 
|  82|0x000000070ee00000, 0x000000070ee00000, 0x000000070f000000|  0%| F|  |TAMS 0x000000070ee00000, 0x000000070ee00000| Untracked 
|  83|0x000000070f000000, 0x000000070f000000, 0x000000070f200000|  0%| F|  |TAMS 0x000000070f000000, 0x000000070f000000| Untracked 
|  84|0x000000070f200000, 0x000000070f200000, 0x000000070f400000|  0%| F|  |TAMS 0x000000070f200000, 0x000000070f200000| Untracked 
|  85|0x000000070f400000, 0x000000070f400000, 0x000000070f600000|  0%| F|  |TAMS 0x000000070f400000, 0x000000070f400000| Untracked 
|  86|0x000000070f600000, 0x000000070f600000, 0x000000070f800000|  0%| F|  |TAMS 0x000000070f600000, 0x000000070f600000| Untracked 
|  87|0x000000070f800000, 0x000000070f800000, 0x000000070fa00000|  0%| F|  |TAMS 0x000000070f800000, 0x000000070f800000| Untracked 
|  88|0x000000070fa00000, 0x000000070fa00000, 0x000000070fc00000|  0%| F|  |TAMS 0x000000070fa00000, 0x000000070fa00000| Untracked 
|  89|0x000000070fc00000, 0x000000070fc00000, 0x000000070fe00000|  0%| F|  |TAMS 0x000000070fc00000, 0x000000070fc00000| Untracked 
|  90|0x000000070fe00000, 0x000000070fe00000, 0x0000000710000000|  0%| F|  |TAMS 0x000000070fe00000, 0x000000070fe00000| Untracked 
|  91|0x0000000710000000, 0x0000000710000000, 0x0000000710200000|  0%| F|  |TAMS 0x0000000710000000, 0x0000000710000000| Untracked 
|  92|0x0000000710200000, 0x0000000710200000, 0x0000000710400000|  0%| F|  |TAMS 0x0000000710200000, 0x0000000710200000| Untracked 
|  93|0x0000000710400000, 0x0000000710400000, 0x0000000710600000|  0%| F|  |TAMS 0x0000000710400000, 0x0000000710400000| Untracked 
|  94|0x0000000710600000, 0x0000000710600000, 0x0000000710800000|  0%| F|  |TAMS 0x0000000710600000, 0x0000000710600000| Untracked 
|  95|0x0000000710800000, 0x0000000710800000, 0x0000000710a00000|  0%| F|  |TAMS 0x0000000710800000, 0x0000000710800000| Untracked 
|  96|0x0000000710a00000, 0x0000000710a00000, 0x0000000710c00000|  0%| F|  |TAMS 0x0000000710a00000, 0x0000000710a00000| Untracked 
|  97|0x0000000710c00000, 0x0000000710c00000, 0x0000000710e00000|  0%| F|  |TAMS 0x0000000710c00000, 0x0000000710c00000| Untracked 
|  98|0x0000000710e00000, 0x0000000710e00000, 0x0000000711000000|  0%| F|  |TAMS 0x0000000710e00000, 0x0000000710e00000| Untracked 
|  99|0x0000000711000000, 0x0000000711000000, 0x0000000711200000|  0%| F|  |TAMS 0x0000000711000000, 0x0000000711000000| Untracked 
| 100|0x0000000711200000, 0x0000000711200000, 0x0000000711400000|  0%| F|  |TAMS 0x0000000711200000, 0x0000000711200000| Untracked 
| 101|0x0000000711400000, 0x0000000711400000, 0x0000000711600000|  0%| F|  |TAMS 0x0000000711400000, 0x0000000711400000| Untracked 
| 102|0x0000000711600000, 0x0000000711600000, 0x0000000711800000|  0%| F|  |TAMS 0x0000000711600000, 0x0000000711600000| Untracked 
| 103|0x0000000711800000, 0x0000000711800000, 0x0000000711a00000|  0%| F|  |TAMS 0x0000000711800000, 0x0000000711800000| Untracked 
| 104|0x0000000711a00000, 0x0000000711a00000, 0x0000000711c00000|  0%| F|  |TAMS 0x0000000711a00000, 0x0000000711a00000| Untracked 
| 105|0x0000000711c00000, 0x0000000711c00000, 0x0000000711e00000|  0%| F|  |TAMS 0x0000000711c00000, 0x0000000711c00000| Untracked 
| 106|0x0000000711e00000, 0x0000000711e00000, 0x0000000712000000|  0%| F|  |TAMS 0x0000000711e00000, 0x0000000711e00000| Untracked 
| 107|0x0000000712000000, 0x0000000712000000, 0x0000000712200000|  0%| F|  |TAMS 0x0000000712000000, 0x0000000712000000| Untracked 
| 108|0x0000000712200000, 0x0000000712200000, 0x0000000712400000|  0%| F|  |TAMS 0x0000000712200000, 0x0000000712200000| Untracked 
| 109|0x0000000712400000, 0x0000000712400000, 0x0000000712600000|  0%| F|  |TAMS 0x0000000712400000, 0x0000000712400000| Untracked 
| 110|0x0000000712600000, 0x0000000712600000, 0x0000000712800000|  0%| F|  |TAMS 0x0000000712600000, 0x0000000712600000| Untracked 
| 111|0x0000000712800000, 0x0000000712800000, 0x0000000712a00000|  0%| F|  |TAMS 0x0000000712800000, 0x0000000712800000| Untracked 
| 112|0x0000000712a00000, 0x0000000712a00000, 0x0000000712c00000|  0%| F|  |TAMS 0x0000000712a00000, 0x0000000712a00000| Untracked 
| 113|0x0000000712c00000, 0x0000000712c00000, 0x0000000712e00000|  0%| F|  |TAMS 0x0000000712c00000, 0x0000000712c00000| Untracked 
| 114|0x0000000712e00000, 0x0000000712e00000, 0x0000000713000000|  0%| F|  |TAMS 0x0000000712e00000, 0x0000000712e00000| Untracked 
| 115|0x0000000713000000, 0x0000000713000000, 0x0000000713200000|  0%| F|  |TAMS 0x0000000713000000, 0x0000000713000000| Untracked 
| 116|0x0000000713200000, 0x0000000713200000, 0x0000000713400000|  0%| F|  |TAMS 0x0000000713200000, 0x0000000713200000| Untracked 
| 117|0x0000000713400000, 0x0000000713400000, 0x0000000713600000|  0%| F|  |TAMS 0x0000000713400000, 0x0000000713400000| Untracked 
| 118|0x0000000713600000, 0x0000000713600000, 0x0000000713800000|  0%| F|  |TAMS 0x0000000713600000, 0x0000000713600000| Untracked 
| 119|0x0000000713800000, 0x0000000713800000, 0x0000000713a00000|  0%| F|  |TAMS 0x0000000713800000, 0x0000000713800000| Untracked 
| 120|0x0000000713a00000, 0x0000000713c00000, 0x0000000713c00000|100%| E|  |TAMS 0x0000000713a00000, 0x0000000713a00000| Complete 
| 121|0x0000000713c00000, 0x0000000713e00000, 0x0000000713e00000|100%| E|CS|TAMS 0x0000000713c00000, 0x0000000713c00000| Complete 
| 122|0x0000000713e00000, 0x0000000714000000, 0x0000000714000000|100%| E|CS|TAMS 0x0000000713e00000, 0x0000000713e00000| Complete 
| 123|0x0000000714000000, 0x0000000714200000, 0x0000000714200000|100%| E|CS|TAMS 0x0000000714000000, 0x0000000714000000| Complete 
| 124|0x0000000714200000, 0x0000000714400000, 0x0000000714400000|100%| E|CS|TAMS 0x0000000714200000, 0x0000000714200000| Complete 
| 125|0x0000000714400000, 0x0000000714600000, 0x0000000714600000|100%| E|CS|TAMS 0x0000000714400000, 0x0000000714400000| Complete 

Card table byte_map: [0x000002c77d4a0000,0x000002c77dc80000] _byte_map_base: 0x000002c779c7b000

Marking Bits (Prev, Next): (CMBitMap*) 0x000002c76423df10, (CMBitMap*) 0x000002c76423df50
 Prev Bits: [0x000002c700000000, 0x000002c703ed8000)
 Next Bits: [0x000002c703ee0000, 0x000002c707db8000)

Polling page: 0x000002c7642a0000

Metaspace:

Usage:
  Non-class:      2.78 MB used.
      Class:    338.72 KB used.
       Both:      3.11 MB used.

Virtual space:
  Non-class space:       64.00 MB reserved,       2.88 MB (  4%) committed,  1 nodes.
      Class space:        1.00 GB reserved,     384.00 KB ( <1%) committed,  1 nodes.
             Both:        1.06 GB reserved,       3.25 MB ( <1%) committed. 

Chunk freelists:
   Non-Class:  10.47 MB
       Class:  15.52 MB
        Both:  25.98 MB

MaxMetaspaceSize: unlimited
CompressedClassSpaceSize: 1.00 GB
Initial GC threshold: 21.00 MB
Current GC threshold: 21.00 MB
CDS: on
MetaspaceReclaimPolicy: balanced
 - commit_granule_bytes: 65536.
 - commit_granule_words: 8192.
 - virtual_space_node_default_size: 8388608.
 - enlarge_chunks_in_place: 1.
 - new_chunks_are_fully_committed: 0.
 - uncommit_free_chunks: 1.
 - use_allocation_guard: 0.
 - handle_deallocations: 1.


Internal statistics:

num_allocs_failed_limit: 0.
num_arena_births: 22.
num_arena_deaths: 0.
num_vsnodes_births: 2.
num_vsnodes_deaths: 0.
num_space_committed: 52.
num_space_uncommitted: 0.
num_chunks_returned_to_freelist: 0.
num_chunks_taken_from_freelist: 116.
num_chunk_merges: 0.
num_chunk_splits: 70.
num_chunks_enlarged: 59.
num_purges: 0.
num_inconsistent_stats: 0.

CodeHeap 'non-profiled nmethods': size=120000Kb used=244Kb max_used=244Kb free=119755Kb
 bounds [0x000002c774d10000, 0x000002c774f80000, 0x000002c77c240000]
CodeHeap 'profiled nmethods': size=120000Kb used=1364Kb max_used=1364Kb free=118635Kb
 bounds [0x000002c76d240000, 0x000002c76d4b0000, 0x000002c774770000]
CodeHeap 'non-nmethods': size=5760Kb used=1153Kb max_used=1170Kb free=4606Kb
 bounds [0x000002c774770000, 0x000002c7749e0000, 0x000002c774d10000]
 total_blobs=1154 nmethods=724 adapters=343
 compilation: enabled
              stopped_count=0, restarted_count=0
 full_count=0

Compilation events (20 events):
Event: 0.893 Thread 0x000002c74b02d040  697       3       java.util.concurrent.ConcurrentHashMap::put (8 bytes)
Event: 0.893 Thread 0x000002c74b02d040 nmethod 697 0x000002c76d383a90 code [0x000002c76d383c20, 0x000002c76d383d68]
Event: 0.893 Thread 0x000002c74b02d040  702       3       java.util.Properties::getProperty (50 bytes)
Event: 0.893 Thread 0x000002c74b02d040 nmethod 702 0x000002c76d383e10 code [0x000002c76d383fe0, 0x000002c76d384478]
Event: 0.893 Thread 0x000002c74b02d040  701       1       java.lang.invoke.MethodTypeForm::basicType (5 bytes)
Event: 0.894 Thread 0x000002c74b02d040 nmethod 701 0x000002c774d48e10 code [0x000002c774d48fa0, 0x000002c774d49078]
Event: 0.894 Thread 0x000002c74b02d040  703       3       java.lang.Number::<init> (5 bytes)
Event: 0.894 Thread 0x000002c74b02d040 nmethod 703 0x000002c76d384610 code [0x000002c76d3847a0, 0x000002c76d3848f8]
Event: 0.901 Thread 0x000002c74b02d040  704       3       java.security.SecureClassLoader$CodeSourceKey::equals (60 bytes)
Event: 0.902 Thread 0x000002c74b02d040 nmethod 704 0x000002c76d384990 code [0x000002c76d384b80, 0x000002c76d385218]
Event: 0.902 Thread 0x000002c74b02d040  705       3       java.security.CodeSource::matchCerts (254 bytes)
Event: 0.903 Thread 0x000002c74b02d040 nmethod 705 0x000002c76d385410 code [0x000002c76d385680, 0x000002c76d386258]
Event: 0.903 Thread 0x000002c74b02d040  706   !   3       jdk.internal.loader.URLClassPath$JarLoader::checkResource (78 bytes)
Event: 0.904 Thread 0x000002c74b02d040 nmethod 706 0x000002c76d386610 code [0x000002c76d386860, 0x000002c76d3872a8]
Event: 0.914 Thread 0x000002c74b02d040  707       3       org.codehaus.plexus.classworlds.strategy.SelfFirstStrategy::loadClass (50 bytes)
Event: 0.915 Thread 0x000002c74b0290a0 nmethod 668 0x000002c774d49110 code [0x000002c774d492e0, 0x000002c774d49d38]
Event: 0.915 Thread 0x000002c74b0290a0  674       4       java.lang.Math::min (11 bytes)
Event: 0.915 Thread 0x000002c74b02d040 nmethod 707 0x000002c76d387710 code [0x000002c76d387940, 0x000002c76d388358]
Event: 0.915 Thread 0x000002c74b0290a0 nmethod 674 0x000002c774d4a610 code [0x000002c774d4a780, 0x000002c774d4a7d8]
Event: 0.915 Thread 0x000002c74b0290a0  671   !   4       java.util.zip.ZipFile::getEntry (59 bytes)

GC Heap History (0 events):
No events

Deoptimization events (20 events):
Event: 0.325 Thread 0x000002c7641d1380 DEOPT PACKING pc=0x000002c774d20264 sp=0x000000f1ce8fe410
Event: 0.325 Thread 0x000002c7641d1380 DEOPT UNPACKING pc=0x000002c7747c5ba3 sp=0x000000f1ce8fe398 mode 2
Event: 0.634 Thread 0x000002c7641d1380 DEOPT PACKING pc=0x000002c76d28f143 sp=0x000000f1ce8f9dd0
Event: 0.635 Thread 0x000002c7641d1380 DEOPT UNPACKING pc=0x000002c7747c66e3 sp=0x000000f1ce8f9220 mode 0
Event: 0.721 Thread 0x000002c7641d1380 Uncommon trap: trap_request=0xffffff45 fr.pc=0x000002c774d1a3e8 relative=0x0000000000000448
Event: 0.721 Thread 0x000002c7641d1380 Uncommon trap: reason=unstable_if action=reinterpret pc=0x000002c774d1a3e8 method=java.lang.StringLatin1.canEncode(I)Z @ 4 c2
Event: 0.721 Thread 0x000002c7641d1380 DEOPT PACKING pc=0x000002c774d1a3e8 sp=0x000000f1ce8fdcd0
Event: 0.721 Thread 0x000002c7641d1380 DEOPT UNPACKING pc=0x000002c7747c5ba3 sp=0x000000f1ce8fdbf8 mode 2
Event: 0.721 Thread 0x000002c7641d1380 Uncommon trap: trap_request=0xffffff45 fr.pc=0x000002c774d1c350 relative=0x0000000000000430
Event: 0.721 Thread 0x000002c7641d1380 Uncommon trap: reason=unstable_if action=reinterpret pc=0x000002c774d1c350 method=java.lang.AbstractStringBuilder.isLatin1()Z @ 10 c2
Event: 0.721 Thread 0x000002c7641d1380 DEOPT PACKING pc=0x000002c774d1c350 sp=0x000000f1ce8fdce0
Event: 0.721 Thread 0x000002c7641d1380 DEOPT UNPACKING pc=0x000002c7747c5ba3 sp=0x000000f1ce8fdc60 mode 2
Event: 0.721 Thread 0x000002c7641d1380 Uncommon trap: trap_request=0xffffff45 fr.pc=0x000002c774d1c95c relative=0x000000000000005c
Event: 0.721 Thread 0x000002c7641d1380 Uncommon trap: reason=unstable_if action=reinterpret pc=0x000002c774d1c95c method=java.lang.AbstractStringBuilder.isLatin1()Z @ 10 c2
Event: 0.722 Thread 0x000002c7641d1380 DEOPT PACKING pc=0x000002c774d1c95c sp=0x000000f1ce8fdcc0
Event: 0.722 Thread 0x000002c7641d1380 DEOPT UNPACKING pc=0x000002c7747c5ba3 sp=0x000000f1ce8fdc50 mode 2
Event: 0.730 Thread 0x000002c7641d1380 Uncommon trap: trap_request=0xffffff45 fr.pc=0x000002c774d196b8 relative=0x0000000000000038
Event: 0.730 Thread 0x000002c7641d1380 Uncommon trap: reason=unstable_if action=reinterpret pc=0x000002c774d196b8 method=java.lang.StringLatin1.canEncode(I)Z @ 4 c2
Event: 0.730 Thread 0x000002c7641d1380 DEOPT PACKING pc=0x000002c774d196b8 sp=0x000000f1ce8fdc60
Event: 0.731 Thread 0x000002c7641d1380 DEOPT UNPACKING pc=0x000002c7747c5ba3 sp=0x000000f1ce8fdbf0 mode 2

Classes unloaded (0 events):
No events

Classes redefined (0 events):
No events

Internal exceptions (20 events):
Event: 0.171 Thread 0x000002c7641d1380 Exception <a 'java/lang/NoSuchMethodError'{0x00000007145fbe20}: 'int java.lang.invoke.DirectMethodHandle$Holder.invokeSpecial(java.lang.Object, java.lang.Object, java.lang.Object)'> (0x00000007145fbe20) 
thrown [s\open\src\hotspot\share\interpreter\linkResolver.cpp, line 759]
Event: 0.351 Thread 0x000002c7641d1380 Exception <a 'java/lang/NullPointerException'{0x000000071405add8}> (0x000000071405add8) 
thrown [s\open\src\hotspot\share\interpreter\linkResolver.cpp, line 1350]
Event: 0.386 Thread 0x000002c7641d1380 Exception <a 'java/lang/NullPointerException'{0x0000000714096010}> (0x0000000714096010) 
thrown [s\open\src\hotspot\share\interpreter\linkResolver.cpp, line 1350]
Event: 0.386 Thread 0x000002c7641d1380 Exception <a 'java/lang/NullPointerException'{0x00000007140962e8}> (0x00000007140962e8) 
thrown [s\open\src\hotspot\share\interpreter\linkResolver.cpp, line 1350]
Event: 0.386 Thread 0x000002c7641d1380 Exception <a 'java/lang/NullPointerException'{0x00000007140965c0}> (0x00000007140965c0) 
thrown [s\open\src\hotspot\share\interpreter\linkResolver.cpp, line 1350]
Event: 0.389 Thread 0x000002c7641d1380 Exception <a 'java/lang/NullPointerException'{0x000000071409bf40}> (0x000000071409bf40) 
thrown [s\open\src\hotspot\share\interpreter\linkResolver.cpp, line 1350]
Event: 0.393 Thread 0x000002c7641d1380 Exception <a 'java/lang/NullPointerException'{0x00000007140b18e8}> (0x00000007140b18e8) 
thrown [s\open\src\hotspot\share\interpreter\linkResolver.cpp, line 1350]
Event: 0.393 Thread 0x000002c7641d1380 Exception <a 'java/lang/NullPointerException'{0x00000007140b1bc0}> (0x00000007140b1bc0) 
thrown [s\open\src\hotspot\share\interpreter\linkResolver.cpp, line 1350]
Event: 0.393 Thread 0x000002c7641d1380 Exception <a 'java/lang/NullPointerException'{0x00000007140b1e98}> (0x00000007140b1e98) 
thrown [s\open\src\hotspot\share\interpreter\linkResolver.cpp, line 1350]
Event: 0.393 Thread 0x000002c7641d1380 Exception <a 'java/lang/NullPointerException'{0x00000007140b2170}> (0x00000007140b2170) 
thrown [s\open\src\hotspot\share\interpreter\linkResolver.cpp, line 1350]
Event: 0.410 Thread 0x000002c7641d1380 Exception <a 'sun/nio/fs/WindowsException'{0x00000007140deb08}> (0x00000007140deb08) 
thrown [s\open\src\hotspot\share\prims\jni.cpp, line 516]
Event: 0.410 Thread 0x000002c7641d1380 Exception <a 'sun/nio/fs/WindowsException'{0x00000007140df260}> (0x00000007140df260) 
thrown [s\open\src\hotspot\share\prims\jni.cpp, line 516]
Event: 0.411 Thread 0x000002c7641d1380 Exception <a 'sun/nio/fs/WindowsException'{0x00000007140df858}> (0x00000007140df858) 
thrown [s\open\src\hotspot\share\prims\jni.cpp, line 516]
Event: 0.411 Thread 0x000002c7641d1380 Exception <a 'sun/nio/fs/WindowsException'{0x00000007140dfdc8}> (0x00000007140dfdc8) 
thrown [s\open\src\hotspot\share\prims\jni.cpp, line 516]
Event: 0.411 Thread 0x000002c7641d1380 Exception <a 'sun/nio/fs/WindowsException'{0x00000007140e0318}> (0x00000007140e0318) 
thrown [s\open\src\hotspot\share\prims\jni.cpp, line 516]
Event: 0.412 Thread 0x000002c7641d1380 Exception <a 'sun/nio/fs/WindowsException'{0x00000007140e0818}> (0x00000007140e0818) 
thrown [s\open\src\hotspot\share\prims\jni.cpp, line 516]
Event: 0.412 Thread 0x000002c7641d1380 Exception <a 'sun/nio/fs/WindowsException'{0x00000007140e0cd0}> (0x00000007140e0cd0) 
thrown [s\open\src\hotspot\share\prims\jni.cpp, line 516]
Event: 0.451 Thread 0x000002c7641d1380 Exception <a 'java/lang/NoSuchMethodError'{0x000000071415d9f0}: 'void java.lang.invoke.DirectMethodHandle$Holder.invokeStatic(java.lang.Object, java.lang.Object, java.lang.Object)'> (0x000000071415d9f0) 
thrown [s\open\src\hotspot\share\interpreter\linkResolver.cpp, line 759]
Event: 0.469 Thread 0x000002c7641d1380 Exception <a 'java/lang/NoSuchMethodError'{0x00000007141b9b80}: 'int java.lang.invoke.DirectMethodHandle$Holder.invokeStatic(java.lang.Object, java.lang.Object, int)'> (0x00000007141b9b80) 
thrown [s\open\src\hotspot\share\interpreter\linkResolver.cpp, line 759]
Event: 0.591 Thread 0x000002c7641d1380 Exception <a 'java/lang/NoSuchMethodError'{0x0000000713f30a48}: 'java.lang.Object java.lang.invoke.DirectMethodHandle$Holder.invokeSpecialIFC(java.lang.Object, java.lang.Object, java.lang.Object, java.lang.Object)'> (0x0000000713f30a48) 
thrown [s\open\src\hotspot\share\interpreter\linkResolver.cpp, line 759]

VM Operations (8 events):
Event: 0.117 Executing VM operation: HandshakeAllThreads
Event: 0.117 Executing VM operation: HandshakeAllThreads done
Event: 0.349 Executing VM operation: HandshakeAllThreads
Event: 0.349 Executing VM operation: HandshakeAllThreads done
Event: 0.371 Executing VM operation: HandshakeAllThreads
Event: 0.371 Executing VM operation: HandshakeAllThreads done
Event: 0.620 Executing VM operation: HandshakeAllThreads
Event: 0.620 Executing VM operation: HandshakeAllThreads done

Events (20 events):
Event: 0.635 loading class java/text/ParseException done
Event: 0.648 loading class sun/util/calendar/ZoneInfoFile$Checksum
Event: 0.649 loading class sun/util/calendar/ZoneInfoFile$Checksum done
Event: 0.654 loading class jdk/internal/module/ModulePatcher$PatchedModuleReader
Event: 0.655 loading class jdk/internal/module/ModulePatcher$PatchedModuleReader done
Event: 0.655 loading class sun/net/www/protocol/jrt/Handler
Event: 0.655 loading class sun/net/www/protocol/jrt/Handler done
Event: 0.691 Thread 0x000002c74b5601e0 Thread added: 0x000002c74b5601e0
Event: 0.719 loading class sun/text/resources/cldr/FormatData_en
Event: 0.719 loading class sun/text/resources/cldr/FormatData_en done
Event: 0.719 loading class sun/text/resources/cldr/FormatData_en_US
Event: 0.719 loading class sun/text/resources/cldr/FormatData_en_US done
Event: 0.819 loading class java/lang/ArrayIndexOutOfBoundsException
Event: 0.819 loading class java/lang/ArrayIndexOutOfBoundsException done
Event: 0.834 loading class java/io/FilterReader
Event: 0.835 loading class java/io/FilterReader done
Event: 0.893 loading class java/util/concurrent/TimeUnit$1
Event: 0.893 loading class java/util/concurrent/TimeUnit$1 done
Event: 0.899 loading class java/util/ServiceConfigurationError
Event: 0.899 loading class java/util/ServiceConfigurationError done


Dynamic libraries:
0x00007ff7ebf30000 - 0x00007ff7ebf40000 	C:\Program Files\Java\jdk-17\bin\java.exe
0x00007fff80c10000 - 0x00007fff80e27000 	C:\WINDOWS\SYSTEM32\ntdll.dll
0x00007fff7fe70000 - 0x00007fff7ff34000 	C:\WINDOWS\System32\KERNEL32.DLL
0x00007fff7e190000 - 0x00007fff7e535000 	C:\WINDOWS\System32\KERNELBASE.dll
0x00007fff7e070000 - 0x00007fff7e181000 	C:\WINDOWS\System32\ucrtbase.dll
0x00007fff6c3f0000 - 0x00007fff6c409000 	C:\Program Files\Java\jdk-17\bin\jli.dll
0x00007fff80310000 - 0x00007fff803c1000 	C:\WINDOWS\System32\ADVAPI32.dll
0x00007fff807f0000 - 0x00007fff80897000 	C:\WINDOWS\System32\msvcrt.dll
0x00007fff80220000 - 0x00007fff802c6000 	C:\WINDOWS\System32\sechost.dll
0x00007fff7fd50000 - 0x00007fff7fe67000 	C:\WINDOWS\System32\RPCRT4.dll
0x00007fff78df0000 - 0x00007fff78e0b000 	C:\Program Files\Java\jdk-17\bin\VCRUNTIME140.dll
0x00007fff7f900000 - 0x00007fff7faae000 	C:\WINDOWS\System32\USER32.dll
0x00007fff7e930000 - 0x00007fff7e956000 	C:\WINDOWS\System32\win32u.dll
0x00007fff809a0000 - 0x00007fff809c9000 	C:\WINDOWS\System32\GDI32.dll
0x00007fff7e540000 - 0x00007fff7e659000 	C:\WINDOWS\System32\gdi32full.dll
0x00007fff57370000 - 0x00007fff57603000 	C:\WINDOWS\WinSxS\amd64_microsoft.windows.common-controls_6595b64144ccf1df_6.0.22621.2506_none_270c5ae97388e100\COMCTL32.dll
0x00007fff7e660000 - 0x00007fff7e6fa000 	C:\WINDOWS\System32\msvcp_win.dll
0x00007fff6f4a0000 - 0x00007fff6f4aa000 	C:\WINDOWS\SYSTEM32\VERSION.dll
0x00007fff7ff40000 - 0x00007fff7ff71000 	C:\WINDOWS\System32\IMM32.DLL
0x00007fff73360000 - 0x00007fff7336c000 	C:\Program Files\Java\jdk-17\bin\vcruntime140_1.dll
0x00007fff6b8a0000 - 0x00007fff6b92e000 	C:\Program Files\Java\jdk-17\bin\msvcp140.dll
0x00007fff057f0000 - 0x00007fff063ce000 	C:\Program Files\Java\jdk-17\bin\server\jvm.dll
0x00007fff802d0000 - 0x00007fff802d8000 	C:\WINDOWS\System32\PSAPI.DLL
0x00007fff5f0d0000 - 0x00007fff5f0d9000 	C:\WINDOWS\SYSTEM32\WSOCK32.dll
0x00007fff7fcd0000 - 0x00007fff7fd41000 	C:\WINDOWS\System32\WS2_32.dll
0x00007fff72900000 - 0x00007fff72934000 	C:\WINDOWS\SYSTEM32\WINMM.dll
0x00007fff7cee0000 - 0x00007fff7cef8000 	C:\WINDOWS\SYSTEM32\kernel.appcore.dll
0x00007fff72af0000 - 0x00007fff72afa000 	C:\Program Files\Java\jdk-17\bin\jimage.dll
0x00007fff7b3c0000 - 0x00007fff7b5f3000 	C:\WINDOWS\SYSTEM32\DBGHELP.DLL
0x00007fff803d0000 - 0x00007fff80759000 	C:\WINDOWS\System32\combase.dll
0x00007fff80140000 - 0x00007fff80217000 	C:\WINDOWS\System32\OLEAUT32.dll
0x00007fff4d070000 - 0x00007fff4d0a2000 	C:\WINDOWS\SYSTEM32\dbgcore.DLL
0x00007fff7dff0000 - 0x00007fff7e06a000 	C:\WINDOWS\System32\bcryptPrimitives.dll
0x00007fff6c4e0000 - 0x00007fff6c505000 	C:\Program Files\Java\jdk-17\bin\java.dll
0x00007fff6c240000 - 0x00007fff6c317000 	C:\Program Files\Java\jdk-17\bin\jsvml.dll
0x00007fff7ee00000 - 0x00007fff7f659000 	C:\WINDOWS\System32\SHELL32.dll
0x00007fff7be50000 - 0x00007fff7c744000 	C:\WINDOWS\SYSTEM32\windows.storage.dll
0x00007fff7bd10000 - 0x00007fff7be4e000 	C:\WINDOWS\SYSTEM32\wintypes.dll
0x00007fff7fbd0000 - 0x00007fff7fcc3000 	C:\WINDOWS\System32\SHCORE.dll
0x00007fff7fab0000 - 0x00007fff7fb0e000 	C:\WINDOWS\System32\shlwapi.dll
0x00007fff7deb0000 - 0x00007fff7ded6000 	C:\WINDOWS\SYSTEM32\profapi.dll
0x00007fff6f550000 - 0x00007fff6f569000 	C:\Program Files\Java\jdk-17\bin\net.dll
0x00007fff74f90000 - 0x00007fff750c7000 	C:\WINDOWS\SYSTEM32\WINHTTP.dll
0x00007fff7d3b0000 - 0x00007fff7d419000 	C:\WINDOWS\system32\mswsock.dll
0x00007fff6c390000 - 0x00007fff6c3a6000 	C:\Program Files\Java\jdk-17\bin\nio.dll
0x00007fff6c0f0000 - 0x00007fff6c108000 	C:\Program Files\Java\jdk-17\bin\zip.dll
0x0000000069ac0000 - 0x0000000069ae4000 	C:\Program Files\NetBeans-19\netbeans\java\maven\lib\jansi-native\Windows\x86_64\jansi.dll
0x00007fff72ad0000 - 0x00007fff72ae0000 	C:\Program Files\Java\jdk-17\bin\verify.dll

dbghelp: loaded successfully - version: 4.0.5 - missing functions: none
symbol engine: initialized successfully - sym options: 0x614 - pdb path: .;C:\Program Files\Java\jdk-17\bin;C:\WINDOWS\SYSTEM32;C:\WINDOWS\WinSxS\amd64_microsoft.windows.common-controls_6595b64144ccf1df_6.0.22621.2506_none_270c5ae97388e100;C:\Program Files\Java\jdk-17\bin\server;C:\Program Files\NetBeans-19\netbeans\java\maven\lib\jansi-native\Windows\x86_64

VM Arguments:
jvm_args: -Dclassworlds.conf=C:\Program Files\NetBeans-19\netbeans\java\maven\bin\m2.conf -Dmaven.home=C:\Program Files\NetBeans-19\netbeans\java\maven -Dlibrary.jansi.path=C:\Program Files\NetBeans-19\netbeans\java\maven\lib\jansi-native -Dmaven.multiModuleProjectDirectory=C:\Users\conta\OneDrive\Documents\Projects\QLKS 
java_command: org.codehaus.plexus.classworlds.launcher.Launcher -Dexec.vmArgs= -Dexec.args=${exec.vmArgs} -classpath %classpath ${exec.mainClass} ${exec.appArgs} -Dexec.appArgs= -Dexec.mainClass=com.mycompany.qlks.QLKS -Dexec.executable=C:\Program Files\Java\jdk-17\bin\java.exe -Dmaven.ext.class.path=C:\Program Files\NetBeans-19\netbeans\java\maven-nblib\netbeans-eventspy.jar -Dfile.encoding=UTF-8 --no-transfer-progress process-classes org.codehaus.mojo:exec-maven-plugin:3.1.0:exec
java_class_path (initial): C:\Program Files\NetBeans-19\netbeans\java\maven\boot\plexus-classworlds-2.7.0.jar
Launcher Type: SUN_STANDARD

[Global flags]
     intx CICompilerCount                          = 4                                         {product} {ergonomic}
     uint ConcGCThreads                            = 2                                         {product} {ergonomic}
     uint G1ConcRefinementThreads                  = 8                                         {product} {ergonomic}
   size_t G1HeapRegionSize                         = 2097152                                   {product} {ergonomic}
    uintx GCDrainStackTargetSize                   = 64                                        {product} {ergonomic}
   size_t InitialHeapSize                          = 264241152                                 {product} {ergonomic}
   size_t MarkStackSize                            = 4194304                                   {product} {ergonomic}
   size_t MaxHeapSize                              = 4217372672                                {product} {ergonomic}
   size_t MaxNewSize                               = 2529165312                                {product} {ergonomic}
   size_t MinHeapDeltaBytes                        = 2097152                                   {product} {ergonomic}
   size_t MinHeapSize                              = 8388608                                   {product} {ergonomic}
    uintx NonNMethodCodeHeapSize                   = 5839372                                {pd product} {ergonomic}
    uintx NonProfiledCodeHeapSize                  = 122909434                              {pd product} {ergonomic}
    uintx ProfiledCodeHeapSize                     = 122909434                              {pd product} {ergonomic}
    uintx ReservedCodeCacheSize                    = 251658240                              {pd product} {ergonomic}
     bool SegmentedCodeCache                       = true                                      {product} {ergonomic}
   size_t SoftMaxHeapSize                          = 4217372672                             {manageable} {ergonomic}
     bool UseCompressedClassPointers               = true                           {product lp64_product} {ergonomic}
     bool UseCompressedOops                        = true                           {product lp64_product} {ergonomic}
     bool UseG1GC                                  = true                                      {product} {ergonomic}
     bool UseLargePagesIndividualAllocation        = false                                  {pd product} {ergonomic}

Logging:
Log output configuration:
 #0: stdout all=warning uptime,level,tags
 #1: stderr all=off uptime,level,tags

Environment Variables:
JAVA_HOME=C:\Program Files\Java\jdk-17
PATH=C:\app\vogiadat\product\12.1.0\dbhome_1\bin;C:\Program Files\Common Files\Oracle\Java\javapath;C:\WINDOWS\system32;C:\WINDOWS;C:\WINDOWS\System32\Wbem;C:\WINDOWS\System32\WindowsPowerShell\v1.0\;C:\WINDOWS\System32\OpenSSH\;C:\Program Files\Git\cmd;C:\Program Files\Microsoft SQL Server\130\Tools\Binn\;C:\Program Files\Microsoft SQL Server\Client SDK\ODBC\170\Tools\Binn\;C:\Program Files\dotnet\;C:\Program Files\Docker\Docker\resources\bin;C:\Program Files\Java\jdk-17\bin;C:\Users\conta\OneDrive\Documents\Tool\ngrok-v3-stable-windows-amd64;C:\Users\conta\Downloads\mongosh-2.0.2-win32-x64\mongosh-2.0.2-win32-x64\bin;C:\Users\conta\AppData\Roaming\nvm;C:\Program Files\nodejs;C:\Users\conta\Downloads\mongodb-database-tools-windows-x86_64-100.9.1\bin;C:\Users\conta\.console-ninja\.bin;C:\Users\conta\AppData\Local\Microsoft\WindowsApps;C:\Users\conta\AppData\Roaming\npm;C:\Users\conta\AppData\Local\Programs\Microsoft VS Code\bin;C:\Users\conta\.dotnet\tools;C:\Users\conta\AppData\Roaming\nvm;C:\Program Files\nodejs
USERNAME=vogiadat
OS=Windows_NT
PROCESSOR_IDENTIFIER=Intel64 Family 6 Model 140 Stepping 1, GenuineIntel



---------------  S Y S T E M  ---------------

OS:
 Windows 11 , 64 bit Build 22621 (10.0.22621.2506)
OS uptime: 0 days 22:18 hours
Hyper-V role detected

CPU: total 8 (initial active 8) (4 cores per cpu, 2 threads per core) family 6 model 140 stepping 1 microcode 0xb4, cx8, cmov, fxsr, ht, mmx, 3dnowpref, sse, sse2, sse3, ssse3, sse4.1, sse4.2, popcnt, lzcnt, tsc, tscinvbit, avx, avx2, aes, erms, clmul, bmi1, bmi2, adx, avx512f, avx512dq, avx512cd, avx512bw, avx512vl, sha, fma, vzeroupper, avx512_vpopcntdq, avx512_vpclmulqdq, avx512_vaes, avx512_vnni, clflush, clflushopt, clwb, avx512_vbmi2, avx512_vbmi, hv

Memory: 4k page, system-wide physical 16087M (3962M free)
TotalPageFile size 34688M (AvailPageFile size 0M)
current process WorkingSet (physical memory assigned to process): 63M, peak: 63M
current process commit charge ("private bytes"): 354M, peak: 354M

vm_info: Java HotSpot(TM) 64-Bit Server VM (17.0.8+9-LTS-211) for windows-amd64 JRE (17.0.8+9-LTS-211), built on Jun 14 2023 10:34:31 by "mach5one" with MS VC++ 17.1 (VS2022)

END.
