#
# There is insufficient memory for the Java Runtime Environment to continue.
# Native memory allocation (mmap) failed to map 65536 bytes for Failed to commit metaspace.
# Possible reasons:
#   The system is out of physical RAM or swap space
#   The process is running with CompressedOops enabled, and the Java Heap may be blocking the growth of the native heap
# Possible solutions:
#   Reduce memory load on the system
#   Increase physical memory or swap space
#   Check if swap backing store is full
#   Decrease Java heap size (-Xmx/-Xms)
#   Decrease number of Java threads
#   Decrease Java thread stack sizes (-Xss)
#   Set larger code cache with -XX:ReservedCodeCacheSize=
#   JVM is running with Zero Based Compressed Oops mode in which the Java heap is
#     placed in the first 32GB address space. The Java Heap base address is the
#     maximum limit for the native heap growth. Please use -XX:HeapBaseMinAddress
#     to set the Java Heap base and to place the Java Heap above 32GB virtual address.
# This output file may be truncated or incomplete.
#
#  Out of Memory Error (virtualSpaceNode.cpp:110), pid=4220, tid=1760
#
# JRE version: Java(TM) SE Runtime Environment (17.0.8+9) (build 17.0.8+9-LTS-211)
# Java VM: Java HotSpot(TM) 64-Bit Server VM (17.0.8+9-LTS-211, mixed mode, sharing, tiered, compressed oops, compressed class ptrs, g1 gc, windows-amd64)
# No core dump will be written. Minidumps are not enabled by default on client versions of Windows
#

---------------  S U M M A R Y ------------

Command Line: -Dclassworlds.conf=C:\Program Files\NetBeans-19\netbeans\java\maven\bin\m2.conf -Dmaven.home=C:\Program Files\NetBeans-19\netbeans\java\maven -Dlibrary.jansi.path=C:\Program Files\NetBeans-19\netbeans\java\maven\lib\jansi-native -Dmaven.multiModuleProjectDirectory=C:\Users\conta\OneDrive\Documents\Projects\QLKS org.codehaus.plexus.classworlds.launcher.Launcher -Dexec.vmArgs= -Dexec.args=${exec.vmArgs} -classpath %classpath ${exec.mainClass} ${exec.appArgs} -Dexec.appArgs= -Dexec.mainClass=com.mycompany.qlks.QLKS -Dexec.executable=C:\Program Files\Java\jdk-17\bin\java.exe -Dmaven.ext.class.path=C:\Program Files\NetBeans-19\netbeans\java\maven-nblib\netbeans-eventspy.jar -Dfile.encoding=UTF-8 --no-transfer-progress process-classes org.codehaus.mojo:exec-maven-plugin:3.1.0:exec

Host: 11th Gen Intel(R) Core(TM) i5-1145G7 @ 2.60GHz, 8 cores, 15G,  Windows 11 , 64 bit Build 22621 (10.0.22621.2506)
Time: Thu Nov 23 15:54:34 2023 SE Asia Standard Time elapsed time: 0.779240 seconds (0d 0h 0m 0s)

---------------  T H R E A D  ---------------

Current thread (0x00000285396a0a00):  JavaThread "main" [_thread_in_vm, id=1760, stack(0x0000008e56100000,0x0000008e56200000)]

Stack: [0x0000008e56100000,0x0000008e56200000]
Native frames: (J=compiled Java code, j=interpreted, Vv=VM code, C=native code)
V  [jvm.dll+0x677d0a]
V  [jvm.dll+0x7d8c54]
V  [jvm.dll+0x7da3fe]
V  [jvm.dll+0x7daa63]
V  [jvm.dll+0x245c5f]
V  [jvm.dll+0x7d4d5b]
V  [jvm.dll+0x61dcf6]
V  [jvm.dll+0x1c0127]
V  [jvm.dll+0x620650]
V  [jvm.dll+0x61e6b6]
V  [jvm.dll+0x628487]
V  [jvm.dll+0x1e9bdd]
V  [jvm.dll+0x1ea1a5]
V  [jvm.dll+0x1eaaeb]
V  [jvm.dll+0x1e02f1]
V  [jvm.dll+0x53ddbc]
V  [jvm.dll+0x753768]
V  [jvm.dll+0x753854]
V  [jvm.dll+0x40ba4f]
V  [jvm.dll+0x411a69]
C  [java.dll+0x17ec]

Java frames: (J=compiled Java code, j=interpreted, Vv=VM code)
j  java.lang.ClassLoader.defineClass1(Ljava/lang/ClassLoader;Ljava/lang/String;[BIILjava/security/ProtectionDomain;Ljava/lang/String;)Ljava/lang/Class;+0 java.base@17.0.8
j  java.lang.ClassLoader.defineClass(Ljava/lang/String;[BIILjava/security/ProtectionDomain;)Ljava/lang/Class;+27 java.base@17.0.8
j  java.security.SecureClassLoader.defineClass(Ljava/lang/String;[BIILjava/security/CodeSource;)Ljava/lang/Class;+12 java.base@17.0.8
j  java.net.URLClassLoader.defineClass(Ljava/lang/String;Ljdk/internal/loader/Resource;)Ljava/lang/Class;+220 java.base@17.0.8
j  java.net.URLClassLoader$1.run()Ljava/lang/Class;+43 java.base@17.0.8
j  java.net.URLClassLoader$1.run()Ljava/lang/Object;+1 java.base@17.0.8
j  java.security.AccessController.executePrivileged(Ljava/security/PrivilegedExceptionAction;Ljava/security/AccessControlContext;Ljava/lang/Class;)Ljava/lang/Object;+29 java.base@17.0.8
j  java.security.AccessController.doPrivileged(Ljava/security/PrivilegedExceptionAction;Ljava/security/AccessControlContext;)Ljava/lang/Object;+13 java.base@17.0.8
j  java.net.URLClassLoader.findClass(Ljava/lang/String;)Ljava/lang/Class;+13 java.base@17.0.8
j  org.codehaus.plexus.classworlds.realm.ClassRealm.findClassInternal(Ljava/lang/String;)Ljava/lang/Class;+2
j  org.codehaus.plexus.classworlds.realm.ClassRealm.loadClassFromSelf(Ljava/lang/String;)Ljava/lang/Class;+20
j  org.codehaus.plexus.classworlds.strategy.SelfFirstStrategy.loadClass(Ljava/lang/String;)Ljava/lang/Class;+18
j  org.codehaus.plexus.classworlds.realm.ClassRealm.unsynchronizedLoadClass(Ljava/lang/String;Z)Ljava/lang/Class;+13
j  org.codehaus.plexus.classworlds.realm.ClassRealm.loadClass(Ljava/lang/String;Z)Ljava/lang/Class;+9
j  org.codehaus.plexus.classworlds.realm.ClassRealm.loadClass(Ljava/lang/String;)Ljava/lang/Class;+3
v  ~StubRoutines::call_stub
j  org.apache.maven.cli.MavenCli.parseExtClasspath(Lorg/apache/maven/cli/CliRequest;)Ljava/util/List;+35
j  org.apache.maven.cli.MavenCli.container(Lorg/apache/maven/cli/CliRequest;)Lorg/codehaus/plexus/PlexusContainer;+65
j  org.apache.maven.cli.MavenCli.doMain(Lorg/apache/maven/cli/CliRequest;)I+34
j  org.apache.maven.cli.MavenCli.main([Ljava/lang/String;Lorg/codehaus/plexus/classworlds/ClassWorld;)I+24
v  ~StubRoutines::call_stub
j  jdk.internal.reflect.NativeMethodAccessorImpl.invoke0(Ljava/lang/reflect/Method;Ljava/lang/Object;[Ljava/lang/Object;)Ljava/lang/Object;+0 java.base@17.0.8
j  jdk.internal.reflect.NativeMethodAccessorImpl.invoke(Ljava/lang/Object;[Ljava/lang/Object;)Ljava/lang/Object;+133 java.base@17.0.8
j  jdk.internal.reflect.DelegatingMethodAccessorImpl.invoke(Ljava/lang/Object;[Ljava/lang/Object;)Ljava/lang/Object;+6 java.base@17.0.8
j  java.lang.reflect.Method.invoke(Ljava/lang/Object;[Ljava/lang/Object;)Ljava/lang/Object;+59 java.base@17.0.8
j  org.codehaus.plexus.classworlds.launcher.Launcher.launchEnhanced([Ljava/lang/String;)V+45
j  org.codehaus.plexus.classworlds.launcher.Launcher.launch([Ljava/lang/String;)V+2
j  org.codehaus.plexus.classworlds.launcher.Launcher.mainWithExitCode([Ljava/lang/String;)I+108
j  org.codehaus.plexus.classworlds.launcher.Launcher.main([Ljava/lang/String;)V+1
v  ~StubRoutines::call_stub

---------------  P R O C E S S  ---------------

Threads class SMR info:
_java_thread_list=0x000002855c820460, length=12, elements={
0x00000285396a0a00, 0x000002855c231060, 0x000002855c231c10, 0x000002855c2470d0,
0x000002855c247c80, 0x000002855c24c650, 0x000002855c24d000, 0x000002855c24dd90,
0x000002855c250fe0, 0x000002855c25dc40, 0x000002855c4ab4c0, 0x000002855c4b5e00
}

Java Threads: ( => current thread )
=>0x00000285396a0a00 JavaThread "main" [_thread_in_vm, id=1760, stack(0x0000008e56100000,0x0000008e56200000)]
  0x000002855c231060 JavaThread "Reference Handler" daemon [_thread_blocked, id=11644, stack(0x0000008e56800000,0x0000008e56900000)]
  0x000002855c231c10 JavaThread "Finalizer" daemon [_thread_blocked, id=20528, stack(0x0000008e56900000,0x0000008e56a00000)]
  0x000002855c2470d0 JavaThread "Signal Dispatcher" daemon [_thread_blocked, id=2280, stack(0x0000008e56a00000,0x0000008e56b00000)]
  0x000002855c247c80 JavaThread "Attach Listener" daemon [_thread_blocked, id=19404, stack(0x0000008e56b00000,0x0000008e56c00000)]
  0x000002855c24c650 JavaThread "Service Thread" daemon [_thread_blocked, id=16776, stack(0x0000008e56c00000,0x0000008e56d00000)]
  0x000002855c24d000 JavaThread "Monitor Deflation Thread" daemon [_thread_blocked, id=18228, stack(0x0000008e56d00000,0x0000008e56e00000)]
  0x000002855c24dd90 JavaThread "C2 CompilerThread0" daemon [_thread_blocked, id=5848, stack(0x0000008e56e00000,0x0000008e56f00000)]
  0x000002855c250fe0 JavaThread "C1 CompilerThread0" daemon [_thread_blocked, id=672, stack(0x0000008e56f00000,0x0000008e57000000)]
  0x000002855c25dc40 JavaThread "Sweeper thread" daemon [_thread_blocked, id=16508, stack(0x0000008e57000000,0x0000008e57100000)]
  0x000002855c4ab4c0 JavaThread "Notification Thread" daemon [_thread_blocked, id=21248, stack(0x0000008e57100000,0x0000008e57200000)]
  0x000002855c4b5e00 JavaThread "Common-Cleaner" daemon [_thread_blocked, id=19280, stack(0x0000008e57300000,0x0000008e57400000)]

Other Threads:
  0x000002855c22a170 VMThread "VM Thread" [stack: 0x0000008e56700000,0x0000008e56800000] [id=15984]
  0x000002855c4b59c0 WatcherThread [stack: 0x0000008e57200000,0x0000008e57300000] [id=16524]
  0x000002853970a2d0 GCTaskThread "GC Thread#0" [stack: 0x0000008e56200000,0x0000008e56300000] [id=10480]
  0x000002853971bd70 ConcurrentGCThread "G1 Main Marker" [stack: 0x0000008e56300000,0x0000008e56400000] [id=12376]
  0x000002853971c780 ConcurrentGCThread "G1 Conc#0" [stack: 0x0000008e56400000,0x0000008e56500000] [id=18080]
  0x000002853976d470 ConcurrentGCThread "G1 Refine#0" [stack: 0x0000008e56500000,0x0000008e56600000] [id=13232]
  0x000002853976de90 ConcurrentGCThread "G1 Service" [stack: 0x0000008e56600000,0x0000008e56700000] [id=15728]

Threads with active compile tasks:

VM state: not at safepoint (normal execution)

VM Mutex/Monitor currently owned by a thread:  ([mutex/lock_event])
[0x000002853969a7d0] Metaspace_lock - owner thread: 0x00000285396a0a00

Heap address: 0x0000000704a00000, size: 4022 MB, Compressed Oops mode: Zero based, Oop shift amount: 3

CDS archive(s) mapped at: [0x000002855d000000-0x000002855dbd0000-0x000002855dbd0000), size 12386304, SharedBaseAddress: 0x000002855d000000, ArchiveRelocationMode: 1.
Compressed class space mapped at: 0x000002855e000000-0x000002859e000000, reserved size: 1073741824
Narrow klass base: 0x000002855d000000, Narrow klass shift: 0, Narrow klass range: 0x100000000

GC Precious Log:
 CPUs: 8 total, 8 available
 Memory: 16087M
 Large Page Support: Disabled
 NUMA Support: Disabled
 Compressed Oops: Enabled (Zero based)
 Heap Region Size: 2M
 Heap Min Capacity: 8M
 Heap Initial Capacity: 252M
 Heap Max Capacity: 4022M
 Pre-touch: Disabled
 Parallel Workers: 8
 Concurrent Workers: 2
 Concurrent Refinement Workers: 8
 Periodic GC: Disabled

Heap:
 garbage-first heap   total 258048K, used 6144K [0x0000000704a00000, 0x0000000800000000)
  region size 2048K, 4 young (8192K), 0 survivors (0K)
 Metaspace       used 1801K, committed 1920K, reserved 1114112K
  class space    used 169K, committed 256K, reserved 1048576K

Heap Regions: E=young(eden), S=young(survivor), O=old, HS=humongous(starts), HC=humongous(continues), CS=collection set, F=free, OA=open archive, CA=closed archive, TAMS=top-at-mark-start (previous, next)
|   0|0x0000000704a00000, 0x0000000704a00000, 0x0000000704c00000|  0%| F|  |TAMS 0x0000000704a00000, 0x0000000704a00000| Untracked 
|   1|0x0000000704c00000, 0x0000000704c00000, 0x0000000704e00000|  0%| F|  |TAMS 0x0000000704c00000, 0x0000000704c00000| Untracked 
|   2|0x0000000704e00000, 0x0000000704e00000, 0x0000000705000000|  0%| F|  |TAMS 0x0000000704e00000, 0x0000000704e00000| Untracked 
|   3|0x0000000705000000, 0x0000000705000000, 0x0000000705200000|  0%| F|  |TAMS 0x0000000705000000, 0x0000000705000000| Untracked 
|   4|0x0000000705200000, 0x0000000705200000, 0x0000000705400000|  0%| F|  |TAMS 0x0000000705200000, 0x0000000705200000| Untracked 
|   5|0x0000000705400000, 0x0000000705400000, 0x0000000705600000|  0%| F|  |TAMS 0x0000000705400000, 0x0000000705400000| Untracked 
|   6|0x0000000705600000, 0x0000000705600000, 0x0000000705800000|  0%| F|  |TAMS 0x0000000705600000, 0x0000000705600000| Untracked 
|   7|0x0000000705800000, 0x0000000705800000, 0x0000000705a00000|  0%| F|  |TAMS 0x0000000705800000, 0x0000000705800000| Untracked 
|   8|0x0000000705a00000, 0x0000000705a00000, 0x0000000705c00000|  0%| F|  |TAMS 0x0000000705a00000, 0x0000000705a00000| Untracked 
|   9|0x0000000705c00000, 0x0000000705c00000, 0x0000000705e00000|  0%| F|  |TAMS 0x0000000705c00000, 0x0000000705c00000| Untracked 
|  10|0x0000000705e00000, 0x0000000705e00000, 0x0000000706000000|  0%| F|  |TAMS 0x0000000705e00000, 0x0000000705e00000| Untracked 
|  11|0x0000000706000000, 0x0000000706000000, 0x0000000706200000|  0%| F|  |TAMS 0x0000000706000000, 0x0000000706000000| Untracked 
|  12|0x0000000706200000, 0x0000000706200000, 0x0000000706400000|  0%| F|  |TAMS 0x0000000706200000, 0x0000000706200000| Untracked 
|  13|0x0000000706400000, 0x0000000706400000, 0x0000000706600000|  0%| F|  |TAMS 0x0000000706400000, 0x0000000706400000| Untracked 
|  14|0x0000000706600000, 0x0000000706600000, 0x0000000706800000|  0%| F|  |TAMS 0x0000000706600000, 0x0000000706600000| Untracked 
|  15|0x0000000706800000, 0x0000000706800000, 0x0000000706a00000|  0%| F|  |TAMS 0x0000000706800000, 0x0000000706800000| Untracked 
|  16|0x0000000706a00000, 0x0000000706a00000, 0x0000000706c00000|  0%| F|  |TAMS 0x0000000706a00000, 0x0000000706a00000| Untracked 
|  17|0x0000000706c00000, 0x0000000706c00000, 0x0000000706e00000|  0%| F|  |TAMS 0x0000000706c00000, 0x0000000706c00000| Untracked 
|  18|0x0000000706e00000, 0x0000000706e00000, 0x0000000707000000|  0%| F|  |TAMS 0x0000000706e00000, 0x0000000706e00000| Untracked 
|  19|0x0000000707000000, 0x0000000707000000, 0x0000000707200000|  0%| F|  |TAMS 0x0000000707000000, 0x0000000707000000| Untracked 
|  20|0x0000000707200000, 0x0000000707200000, 0x0000000707400000|  0%| F|  |TAMS 0x0000000707200000, 0x0000000707200000| Untracked 
|  21|0x0000000707400000, 0x0000000707400000, 0x0000000707600000|  0%| F|  |TAMS 0x0000000707400000, 0x0000000707400000| Untracked 
|  22|0x0000000707600000, 0x0000000707600000, 0x0000000707800000|  0%| F|  |TAMS 0x0000000707600000, 0x0000000707600000| Untracked 
|  23|0x0000000707800000, 0x0000000707800000, 0x0000000707a00000|  0%| F|  |TAMS 0x0000000707800000, 0x0000000707800000| Untracked 
|  24|0x0000000707a00000, 0x0000000707a00000, 0x0000000707c00000|  0%| F|  |TAMS 0x0000000707a00000, 0x0000000707a00000| Untracked 
|  25|0x0000000707c00000, 0x0000000707c00000, 0x0000000707e00000|  0%| F|  |TAMS 0x0000000707c00000, 0x0000000707c00000| Untracked 
|  26|0x0000000707e00000, 0x0000000707e00000, 0x0000000708000000|  0%| F|  |TAMS 0x0000000707e00000, 0x0000000707e00000| Untracked 
|  27|0x0000000708000000, 0x0000000708000000, 0x0000000708200000|  0%| F|  |TAMS 0x0000000708000000, 0x0000000708000000| Untracked 
|  28|0x0000000708200000, 0x0000000708200000, 0x0000000708400000|  0%| F|  |TAMS 0x0000000708200000, 0x0000000708200000| Untracked 
|  29|0x0000000708400000, 0x0000000708400000, 0x0000000708600000|  0%| F|  |TAMS 0x0000000708400000, 0x0000000708400000| Untracked 
|  30|0x0000000708600000, 0x0000000708600000, 0x0000000708800000|  0%| F|  |TAMS 0x0000000708600000, 0x0000000708600000| Untracked 
|  31|0x0000000708800000, 0x0000000708800000, 0x0000000708a00000|  0%| F|  |TAMS 0x0000000708800000, 0x0000000708800000| Untracked 
|  32|0x0000000708a00000, 0x0000000708a00000, 0x0000000708c00000|  0%| F|  |TAMS 0x0000000708a00000, 0x0000000708a00000| Untracked 
|  33|0x0000000708c00000, 0x0000000708c00000, 0x0000000708e00000|  0%| F|  |TAMS 0x0000000708c00000, 0x0000000708c00000| Untracked 
|  34|0x0000000708e00000, 0x0000000708e00000, 0x0000000709000000|  0%| F|  |TAMS 0x0000000708e00000, 0x0000000708e00000| Untracked 
|  35|0x0000000709000000, 0x0000000709000000, 0x0000000709200000|  0%| F|  |TAMS 0x0000000709000000, 0x0000000709000000| Untracked 
|  36|0x0000000709200000, 0x0000000709200000, 0x0000000709400000|  0%| F|  |TAMS 0x0000000709200000, 0x0000000709200000| Untracked 
|  37|0x0000000709400000, 0x0000000709400000, 0x0000000709600000|  0%| F|  |TAMS 0x0000000709400000, 0x0000000709400000| Untracked 
|  38|0x0000000709600000, 0x0000000709600000, 0x0000000709800000|  0%| F|  |TAMS 0x0000000709600000, 0x0000000709600000| Untracked 
|  39|0x0000000709800000, 0x0000000709800000, 0x0000000709a00000|  0%| F|  |TAMS 0x0000000709800000, 0x0000000709800000| Untracked 
|  40|0x0000000709a00000, 0x0000000709a00000, 0x0000000709c00000|  0%| F|  |TAMS 0x0000000709a00000, 0x0000000709a00000| Untracked 
|  41|0x0000000709c00000, 0x0000000709c00000, 0x0000000709e00000|  0%| F|  |TAMS 0x0000000709c00000, 0x0000000709c00000| Untracked 
|  42|0x0000000709e00000, 0x0000000709e00000, 0x000000070a000000|  0%| F|  |TAMS 0x0000000709e00000, 0x0000000709e00000| Untracked 
|  43|0x000000070a000000, 0x000000070a000000, 0x000000070a200000|  0%| F|  |TAMS 0x000000070a000000, 0x000000070a000000| Untracked 
|  44|0x000000070a200000, 0x000000070a200000, 0x000000070a400000|  0%| F|  |TAMS 0x000000070a200000, 0x000000070a200000| Untracked 
|  45|0x000000070a400000, 0x000000070a400000, 0x000000070a600000|  0%| F|  |TAMS 0x000000070a400000, 0x000000070a400000| Untracked 
|  46|0x000000070a600000, 0x000000070a600000, 0x000000070a800000|  0%| F|  |TAMS 0x000000070a600000, 0x000000070a600000| Untracked 
|  47|0x000000070a800000, 0x000000070a800000, 0x000000070aa00000|  0%| F|  |TAMS 0x000000070a800000, 0x000000070a800000| Untracked 
|  48|0x000000070aa00000, 0x000000070aa00000, 0x000000070ac00000|  0%| F|  |TAMS 0x000000070aa00000, 0x000000070aa00000| Untracked 
|  49|0x000000070ac00000, 0x000000070ac00000, 0x000000070ae00000|  0%| F|  |TAMS 0x000000070ac00000, 0x000000070ac00000| Untracked 
|  50|0x000000070ae00000, 0x000000070ae00000, 0x000000070b000000|  0%| F|  |TAMS 0x000000070ae00000, 0x000000070ae00000| Untracked 
|  51|0x000000070b000000, 0x000000070b000000, 0x000000070b200000|  0%| F|  |TAMS 0x000000070b000000, 0x000000070b000000| Untracked 
|  52|0x000000070b200000, 0x000000070b200000, 0x000000070b400000|  0%| F|  |TAMS 0x000000070b200000, 0x000000070b200000| Untracked 
|  53|0x000000070b400000, 0x000000070b400000, 0x000000070b600000|  0%| F|  |TAMS 0x000000070b400000, 0x000000070b400000| Untracked 
|  54|0x000000070b600000, 0x000000070b600000, 0x000000070b800000|  0%| F|  |TAMS 0x000000070b600000, 0x000000070b600000| Untracked 
|  55|0x000000070b800000, 0x000000070b800000, 0x000000070ba00000|  0%| F|  |TAMS 0x000000070b800000, 0x000000070b800000| Untracked 
|  56|0x000000070ba00000, 0x000000070ba00000, 0x000000070bc00000|  0%| F|  |TAMS 0x000000070ba00000, 0x000000070ba00000| Untracked 
|  57|0x000000070bc00000, 0x000000070bc00000, 0x000000070be00000|  0%| F|  |TAMS 0x000000070bc00000, 0x000000070bc00000| Untracked 
|  58|0x000000070be00000, 0x000000070be00000, 0x000000070c000000|  0%| F|  |TAMS 0x000000070be00000, 0x000000070be00000| Untracked 
|  59|0x000000070c000000, 0x000000070c000000, 0x000000070c200000|  0%| F|  |TAMS 0x000000070c000000, 0x000000070c000000| Untracked 
|  60|0x000000070c200000, 0x000000070c200000, 0x000000070c400000|  0%| F|  |TAMS 0x000000070c200000, 0x000000070c200000| Untracked 
|  61|0x000000070c400000, 0x000000070c400000, 0x000000070c600000|  0%| F|  |TAMS 0x000000070c400000, 0x000000070c400000| Untracked 
|  62|0x000000070c600000, 0x000000070c600000, 0x000000070c800000|  0%| F|  |TAMS 0x000000070c600000, 0x000000070c600000| Untracked 
|  63|0x000000070c800000, 0x000000070c800000, 0x000000070ca00000|  0%| F|  |TAMS 0x000000070c800000, 0x000000070c800000| Untracked 
|  64|0x000000070ca00000, 0x000000070ca00000, 0x000000070cc00000|  0%| F|  |TAMS 0x000000070ca00000, 0x000000070ca00000| Untracked 
|  65|0x000000070cc00000, 0x000000070cc00000, 0x000000070ce00000|  0%| F|  |TAMS 0x000000070cc00000, 0x000000070cc00000| Untracked 
|  66|0x000000070ce00000, 0x000000070ce00000, 0x000000070d000000|  0%| F|  |TAMS 0x000000070ce00000, 0x000000070ce00000| Untracked 
|  67|0x000000070d000000, 0x000000070d000000, 0x000000070d200000|  0%| F|  |TAMS 0x000000070d000000, 0x000000070d000000| Untracked 
|  68|0x000000070d200000, 0x000000070d200000, 0x000000070d400000|  0%| F|  |TAMS 0x000000070d200000, 0x000000070d200000| Untracked 
|  69|0x000000070d400000, 0x000000070d400000, 0x000000070d600000|  0%| F|  |TAMS 0x000000070d400000, 0x000000070d400000| Untracked 
|  70|0x000000070d600000, 0x000000070d600000, 0x000000070d800000|  0%| F|  |TAMS 0x000000070d600000, 0x000000070d600000| Untracked 
|  71|0x000000070d800000, 0x000000070d800000, 0x000000070da00000|  0%| F|  |TAMS 0x000000070d800000, 0x000000070d800000| Untracked 
|  72|0x000000070da00000, 0x000000070da00000, 0x000000070dc00000|  0%| F|  |TAMS 0x000000070da00000, 0x000000070da00000| Untracked 
|  73|0x000000070dc00000, 0x000000070dc00000, 0x000000070de00000|  0%| F|  |TAMS 0x000000070dc00000, 0x000000070dc00000| Untracked 
|  74|0x000000070de00000, 0x000000070de00000, 0x000000070e000000|  0%| F|  |TAMS 0x000000070de00000, 0x000000070de00000| Untracked 
|  75|0x000000070e000000, 0x000000070e000000, 0x000000070e200000|  0%| F|  |TAMS 0x000000070e000000, 0x000000070e000000| Untracked 
|  76|0x000000070e200000, 0x000000070e200000, 0x000000070e400000|  0%| F|  |TAMS 0x000000070e200000, 0x000000070e200000| Untracked 
|  77|0x000000070e400000, 0x000000070e400000, 0x000000070e600000|  0%| F|  |TAMS 0x000000070e400000, 0x000000070e400000| Untracked 
|  78|0x000000070e600000, 0x000000070e600000, 0x000000070e800000|  0%| F|  |TAMS 0x000000070e600000, 0x000000070e600000| Untracked 
|  79|0x000000070e800000, 0x000000070e800000, 0x000000070ea00000|  0%| F|  |TAMS 0x000000070e800000, 0x000000070e800000| Untracked 
|  80|0x000000070ea00000, 0x000000070ea00000, 0x000000070ec00000|  0%| F|  |TAMS 0x000000070ea00000, 0x000000070ea00000| Untracked 
|  81|0x000000070ec00000, 0x000000070ec00000, 0x000000070ee00000|  0%| F|  |TAMS 0x000000070ec00000, 0x000000070ec00000| Untracked 
|  82|0x000000070ee00000, 0x000000070ee00000, 0x000000070f000000|  0%| F|  |TAMS 0x000000070ee00000, 0x000000070ee00000| Untracked 
|  83|0x000000070f000000, 0x000000070f000000, 0x000000070f200000|  0%| F|  |TAMS 0x000000070f000000, 0x000000070f000000| Untracked 
|  84|0x000000070f200000, 0x000000070f200000, 0x000000070f400000|  0%| F|  |TAMS 0x000000070f200000, 0x000000070f200000| Untracked 
|  85|0x000000070f400000, 0x000000070f400000, 0x000000070f600000|  0%| F|  |TAMS 0x000000070f400000, 0x000000070f400000| Untracked 
|  86|0x000000070f600000, 0x000000070f600000, 0x000000070f800000|  0%| F|  |TAMS 0x000000070f600000, 0x000000070f600000| Untracked 
|  87|0x000000070f800000, 0x000000070f800000, 0x000000070fa00000|  0%| F|  |TAMS 0x000000070f800000, 0x000000070f800000| Untracked 
|  88|0x000000070fa00000, 0x000000070fa00000, 0x000000070fc00000|  0%| F|  |TAMS 0x000000070fa00000, 0x000000070fa00000| Untracked 
|  89|0x000000070fc00000, 0x000000070fc00000, 0x000000070fe00000|  0%| F|  |TAMS 0x000000070fc00000, 0x000000070fc00000| Untracked 
|  90|0x000000070fe00000, 0x000000070fe00000, 0x0000000710000000|  0%| F|  |TAMS 0x000000070fe00000, 0x000000070fe00000| Untracked 
|  91|0x0000000710000000, 0x0000000710000000, 0x0000000710200000|  0%| F|  |TAMS 0x0000000710000000, 0x0000000710000000| Untracked 
|  92|0x0000000710200000, 0x0000000710200000, 0x0000000710400000|  0%| F|  |TAMS 0x0000000710200000, 0x0000000710200000| Untracked 
|  93|0x0000000710400000, 0x0000000710400000, 0x0000000710600000|  0%| F|  |TAMS 0x0000000710400000, 0x0000000710400000| Untracked 
|  94|0x0000000710600000, 0x0000000710600000, 0x0000000710800000|  0%| F|  |TAMS 0x0000000710600000, 0x0000000710600000| Untracked 
|  95|0x0000000710800000, 0x0000000710800000, 0x0000000710a00000|  0%| F|  |TAMS 0x0000000710800000, 0x0000000710800000| Untracked 
|  96|0x0000000710a00000, 0x0000000710a00000, 0x0000000710c00000|  0%| F|  |TAMS 0x0000000710a00000, 0x0000000710a00000| Untracked 
|  97|0x0000000710c00000, 0x0000000710c00000, 0x0000000710e00000|  0%| F|  |TAMS 0x0000000710c00000, 0x0000000710c00000| Untracked 
|  98|0x0000000710e00000, 0x0000000710e00000, 0x0000000711000000|  0%| F|  |TAMS 0x0000000710e00000, 0x0000000710e00000| Untracked 
|  99|0x0000000711000000, 0x0000000711000000, 0x0000000711200000|  0%| F|  |TAMS 0x0000000711000000, 0x0000000711000000| Untracked 
| 100|0x0000000711200000, 0x0000000711200000, 0x0000000711400000|  0%| F|  |TAMS 0x0000000711200000, 0x0000000711200000| Untracked 
| 101|0x0000000711400000, 0x0000000711400000, 0x0000000711600000|  0%| F|  |TAMS 0x0000000711400000, 0x0000000711400000| Untracked 
| 102|0x0000000711600000, 0x0000000711600000, 0x0000000711800000|  0%| F|  |TAMS 0x0000000711600000, 0x0000000711600000| Untracked 
| 103|0x0000000711800000, 0x0000000711800000, 0x0000000711a00000|  0%| F|  |TAMS 0x0000000711800000, 0x0000000711800000| Untracked 
| 104|0x0000000711a00000, 0x0000000711a00000, 0x0000000711c00000|  0%| F|  |TAMS 0x0000000711a00000, 0x0000000711a00000| Untracked 
| 105|0x0000000711c00000, 0x0000000711c00000, 0x0000000711e00000|  0%| F|  |TAMS 0x0000000711c00000, 0x0000000711c00000| Untracked 
| 106|0x0000000711e00000, 0x0000000711e00000, 0x0000000712000000|  0%| F|  |TAMS 0x0000000711e00000, 0x0000000711e00000| Untracked 
| 107|0x0000000712000000, 0x0000000712000000, 0x0000000712200000|  0%| F|  |TAMS 0x0000000712000000, 0x0000000712000000| Untracked 
| 108|0x0000000712200000, 0x0000000712200000, 0x0000000712400000|  0%| F|  |TAMS 0x0000000712200000, 0x0000000712200000| Untracked 
| 109|0x0000000712400000, 0x0000000712400000, 0x0000000712600000|  0%| F|  |TAMS 0x0000000712400000, 0x0000000712400000| Untracked 
| 110|0x0000000712600000, 0x0000000712600000, 0x0000000712800000|  0%| F|  |TAMS 0x0000000712600000, 0x0000000712600000| Untracked 
| 111|0x0000000712800000, 0x0000000712800000, 0x0000000712a00000|  0%| F|  |TAMS 0x0000000712800000, 0x0000000712800000| Untracked 
| 112|0x0000000712a00000, 0x0000000712a00000, 0x0000000712c00000|  0%| F|  |TAMS 0x0000000712a00000, 0x0000000712a00000| Untracked 
| 113|0x0000000712c00000, 0x0000000712c00000, 0x0000000712e00000|  0%| F|  |TAMS 0x0000000712c00000, 0x0000000712c00000| Untracked 
| 114|0x0000000712e00000, 0x0000000712e00000, 0x0000000713000000|  0%| F|  |TAMS 0x0000000712e00000, 0x0000000712e00000| Untracked 
| 115|0x0000000713000000, 0x0000000713000000, 0x0000000713200000|  0%| F|  |TAMS 0x0000000713000000, 0x0000000713000000| Untracked 
| 116|0x0000000713200000, 0x0000000713200000, 0x0000000713400000|  0%| F|  |TAMS 0x0000000713200000, 0x0000000713200000| Untracked 
| 117|0x0000000713400000, 0x0000000713400000, 0x0000000713600000|  0%| F|  |TAMS 0x0000000713400000, 0x0000000713400000| Untracked 
| 118|0x0000000713600000, 0x0000000713600000, 0x0000000713800000|  0%| F|  |TAMS 0x0000000713600000, 0x0000000713600000| Untracked 
| 119|0x0000000713800000, 0x0000000713800000, 0x0000000713a00000|  0%| F|  |TAMS 0x0000000713800000, 0x0000000713800000| Untracked 
| 120|0x0000000713a00000, 0x0000000713a00000, 0x0000000713c00000|  0%| F|  |TAMS 0x0000000713a00000, 0x0000000713a00000| Untracked 
| 121|0x0000000713c00000, 0x0000000713c00000, 0x0000000713e00000|  0%| F|  |TAMS 0x0000000713c00000, 0x0000000713c00000| Untracked 
| 122|0x0000000713e00000, 0x0000000713e73418, 0x0000000714000000| 22%| E|  |TAMS 0x0000000713e00000, 0x0000000713e00000| Complete 
| 123|0x0000000714000000, 0x0000000714200000, 0x0000000714200000|100%| E|CS|TAMS 0x0000000714000000, 0x0000000714000000| Complete 
| 124|0x0000000714200000, 0x0000000714400000, 0x0000000714400000|100%| E|CS|TAMS 0x0000000714200000, 0x0000000714200000| Complete 
| 125|0x0000000714400000, 0x0000000714600000, 0x0000000714600000|100%| E|CS|TAMS 0x0000000714400000, 0x0000000714400000| Complete 

Card table byte_map: [0x0000028550a60000,0x0000028551240000] _byte_map_base: 0x000002854d23b000

Marking Bits (Prev, Next): (CMBitMap*) 0x000002853970b8f0, (CMBitMap*) 0x000002853970b930
 Prev Bits: [0x0000028551a20000, 0x00000285558f8000)
 Next Bits: [0x0000028555900000, 0x00000285597d8000)

Polling page: 0x0000028537620000

Metaspace:

Usage:
  Non-class:      1.59 MB used.
      Class:    169.73 KB used.
       Both:      1.76 MB used.

Virtual space:
  Non-class space:       64.00 MB reserved,       1.62 MB (  3%) committed,  1 nodes.
      Class space:        1.00 GB reserved,     256.00 KB ( <1%) committed,  1 nodes.
             Both:        1.06 GB reserved,       1.88 MB ( <1%) committed. 

Chunk freelists:
   Non-Class:  11.30 MB
       Class:  15.66 MB
        Both:  26.96 MB

MaxMetaspaceSize: unlimited
CompressedClassSpaceSize: 1.00 GB
Initial GC threshold: 21.00 MB
Current GC threshold: 21.00 MB
CDS: on
MetaspaceReclaimPolicy: balanced
 - commit_granule_bytes: 65536.
 - commit_granule_words: 8192.
 - virtual_space_node_default_size: 8388608.
 - enlarge_chunks_in_place: 1.
 - new_chunks_are_fully_committed: 0.
 - uncommit_free_chunks: 1.
 - use_allocation_guard: 0.
 - handle_deallocations: 1.


Internal statistics:

num_allocs_failed_limit: 0.
num_arena_births: 16.
num_arena_deaths: 0.
num_vsnodes_births: 2.
num_vsnodes_deaths: 0.
num_space_committed: 30.
num_space_uncommitted: 0.
num_chunks_returned_to_freelist: 0.
num_chunks_taken_from_freelist: 56.
num_chunk_merges: 0.
num_chunk_splits: 36.
num_chunks_enlarged: 31.
num_purges: 0.
num_inconsistent_stats: 0.

CodeHeap 'non-profiled nmethods': size=120000Kb used=124Kb max_used=124Kb free=119875Kb
 bounds [0x0000028548a10000, 0x0000028548c80000, 0x000002854ff40000]
CodeHeap 'profiled nmethods': size=120000Kb used=668Kb max_used=668Kb free=119331Kb
 bounds [0x0000028540f40000, 0x00000285411b0000, 0x0000028548470000]
CodeHeap 'non-nmethods': size=5760Kb used=1120Kb max_used=1135Kb free=4639Kb
 bounds [0x0000028548470000, 0x00000285486e0000, 0x0000028548a10000]
 total_blobs=811 nmethods=424 adapters=300
 compilation: enabled
              stopped_count=0, restarted_count=0
 full_count=0

Compilation events (20 events):
Event: 0.727 Thread 0x000002855c250fe0  415       3       java.lang.ThreadLocal::getMap (5 bytes)
Event: 0.727 Thread 0x000002855c250fe0 nmethod 415 0x0000028540fdca90 code [0x0000028540fdcc20, 0x0000028540fdcd38]
Event: 0.727 Thread 0x000002855c250fe0  416       3       java.nio.ByteBuffer::position (8 bytes)
Event: 0.727 Thread 0x000002855c250fe0 nmethod 416 0x0000028540fdce10 code [0x0000028540fdcfa0, 0x0000028540fdd0e8]
Event: 0.729 Thread 0x000002855c250fe0  417 %     3       java.util.Properties$LineReader::readLine @ 224 (584 bytes)
Event: 0.733 Thread 0x000002855c250fe0 nmethod 417% 0x0000028540fdd190 code [0x0000028540fdd580, 0x0000028540fe0578]
Event: 0.733 Thread 0x000002855c250fe0  418       3       jdk.internal.loader.ClassLoaders$AppClassLoader::loadClass (40 bytes)
Event: 0.734 Thread 0x000002855c250fe0 nmethod 418 0x0000028540fe1410 code [0x0000028540fe1660, 0x0000028540fe1f98]
Event: 0.734 Thread 0x000002855c250fe0  419       3       jdk.internal.loader.BuiltinClassLoader::loadClass (22 bytes)
Event: 0.735 Thread 0x000002855c250fe0 nmethod 419 0x0000028540fe2310 code [0x0000028540fe24c0, 0x0000028540fe2778]
Event: 0.735 Thread 0x000002855c24dd90  420       4       java.lang.StringLatin1::replace (198 bytes)
Event: 0.754 Thread 0x000002855c24dd90 nmethod 420 0x0000028548a2e210 code [0x0000028548a2e3c0, 0x0000028548a2e908]
Event: 0.758 Thread 0x000002855c250fe0  421 %     3       java.util.Properties$LineReader::readLine @ 53 (584 bytes)
Event: 0.762 Thread 0x000002855c24dd90  424 %     4       java.lang.StringLatin1::indexOf @ 30 (121 bytes)
Event: 0.762 Thread 0x000002855c250fe0 nmethod 421% 0x0000028540fe2890 code [0x0000028540fe2c80, 0x0000028540fe5cb8]
Event: 0.762 Thread 0x000002855c250fe0  423       3       jdk.internal.loader.URLClassPath$JarLoader::findResource (18 bytes)
Event: 0.763 Thread 0x000002855c250fe0 nmethod 423 0x0000028540fe6b10 code [0x0000028540fe6cc0, 0x0000028540fe6f38]
Event: 0.763 Thread 0x000002855c250fe0  422       3       java.lang.String::rangeCheck (9 bytes)
Event: 0.763 Thread 0x000002855c250fe0 nmethod 422 0x0000028540fe7010 code [0x0000028540fe71c0, 0x0000028540fe72e8]
Event: 0.770 Thread 0x000002855c24dd90 nmethod 424% 0x0000028548a2ec10 code [0x0000028548a2eda0, 0x0000028548a2f138]

GC Heap History (0 events):
No events

Deoptimization events (4 events):
Event: 0.469 Thread 0x00000285396a0a00 Uncommon trap: trap_request=0xffffff45 fr.pc=0x0000028548a20964 relative=0x0000000000000064
Event: 0.469 Thread 0x00000285396a0a00 Uncommon trap: reason=unstable_if action=reinterpret pc=0x0000028548a20964 method=java.io.WinNTFileSystem.isSlash(C)Z @ 9 c2
Event: 0.469 Thread 0x00000285396a0a00 DEOPT PACKING pc=0x0000028548a20964 sp=0x0000008e561fe500
Event: 0.469 Thread 0x00000285396a0a00 DEOPT UNPACKING pc=0x00000285484c5ba3 sp=0x0000008e561fe488 mode 2

Classes unloaded (0 events):
No events

Classes redefined (0 events):
No events

Internal exceptions (19 events):
Event: 0.270 Thread 0x00000285396a0a00 Exception <a 'java/lang/NoSuchMethodError'{0x00000007145fbe38}: 'int java.lang.invoke.DirectMethodHandle$Holder.invokeSpecial(java.lang.Object, java.lang.Object, java.lang.Object)'> (0x00000007145fbe38) 
thrown [s\open\src\hotspot\share\interpreter\linkResolver.cpp, line 759]
Event: 0.504 Thread 0x00000285396a0a00 Exception <a 'java/lang/NullPointerException'{0x0000000714059be8}> (0x0000000714059be8) 
thrown [s\open\src\hotspot\share\interpreter\linkResolver.cpp, line 1350]
Event: 0.532 Thread 0x00000285396a0a00 Exception <a 'java/lang/NullPointerException'{0x0000000714094ea0}> (0x0000000714094ea0) 
thrown [s\open\src\hotspot\share\interpreter\linkResolver.cpp, line 1350]
Event: 0.533 Thread 0x00000285396a0a00 Exception <a 'java/lang/NullPointerException'{0x0000000714095178}> (0x0000000714095178) 
thrown [s\open\src\hotspot\share\interpreter\linkResolver.cpp, line 1350]
Event: 0.533 Thread 0x00000285396a0a00 Exception <a 'java/lang/NullPointerException'{0x0000000714095450}> (0x0000000714095450) 
thrown [s\open\src\hotspot\share\interpreter\linkResolver.cpp, line 1350]
Event: 0.534 Thread 0x00000285396a0a00 Exception <a 'java/lang/NullPointerException'{0x000000071409add0}> (0x000000071409add0) 
thrown [s\open\src\hotspot\share\interpreter\linkResolver.cpp, line 1350]
Event: 0.542 Thread 0x00000285396a0a00 Exception <a 'java/lang/NullPointerException'{0x00000007140b0778}> (0x00000007140b0778) 
thrown [s\open\src\hotspot\share\interpreter\linkResolver.cpp, line 1350]
Event: 0.542 Thread 0x00000285396a0a00 Exception <a 'java/lang/NullPointerException'{0x00000007140b0a50}> (0x00000007140b0a50) 
thrown [s\open\src\hotspot\share\interpreter\linkResolver.cpp, line 1350]
Event: 0.542 Thread 0x00000285396a0a00 Exception <a 'java/lang/NullPointerException'{0x00000007140b0d28}> (0x00000007140b0d28) 
thrown [s\open\src\hotspot\share\interpreter\linkResolver.cpp, line 1350]
Event: 0.542 Thread 0x00000285396a0a00 Exception <a 'java/lang/NullPointerException'{0x00000007140b1000}> (0x00000007140b1000) 
thrown [s\open\src\hotspot\share\interpreter\linkResolver.cpp, line 1350]
Event: 0.558 Thread 0x00000285396a0a00 Exception <a 'sun/nio/fs/WindowsException'{0x00000007140dd998}> (0x00000007140dd998) 
thrown [s\open\src\hotspot\share\prims\jni.cpp, line 516]
Event: 0.559 Thread 0x00000285396a0a00 Exception <a 'sun/nio/fs/WindowsException'{0x00000007140de0f0}> (0x00000007140de0f0) 
thrown [s\open\src\hotspot\share\prims\jni.cpp, line 516]
Event: 0.559 Thread 0x00000285396a0a00 Exception <a 'sun/nio/fs/WindowsException'{0x00000007140de6e8}> (0x00000007140de6e8) 
thrown [s\open\src\hotspot\share\prims\jni.cpp, line 516]
Event: 0.559 Thread 0x00000285396a0a00 Exception <a 'sun/nio/fs/WindowsException'{0x00000007140dec58}> (0x00000007140dec58) 
thrown [s\open\src\hotspot\share\prims\jni.cpp, line 516]
Event: 0.559 Thread 0x00000285396a0a00 Exception <a 'sun/nio/fs/WindowsException'{0x00000007140df1a8}> (0x00000007140df1a8) 
thrown [s\open\src\hotspot\share\prims\jni.cpp, line 516]
Event: 0.559 Thread 0x00000285396a0a00 Exception <a 'sun/nio/fs/WindowsException'{0x00000007140df6a8}> (0x00000007140df6a8) 
thrown [s\open\src\hotspot\share\prims\jni.cpp, line 516]
Event: 0.560 Thread 0x00000285396a0a00 Exception <a 'sun/nio/fs/WindowsException'{0x00000007140dfb60}> (0x00000007140dfb60) 
thrown [s\open\src\hotspot\share\prims\jni.cpp, line 516]
Event: 0.611 Thread 0x00000285396a0a00 Exception <a 'java/lang/NoSuchMethodError'{0x000000071415cd10}: 'void java.lang.invoke.DirectMethodHandle$Holder.invokeStatic(java.lang.Object, java.lang.Object, java.lang.Object)'> (0x000000071415cd10) 
thrown [s\open\src\hotspot\share\interpreter\linkResolver.cpp, line 759]
Event: 0.633 Thread 0x00000285396a0a00 Exception <a 'java/lang/NoSuchMethodError'{0x00000007141b8ea0}: 'int java.lang.invoke.DirectMethodHandle$Holder.invokeStatic(java.lang.Object, java.lang.Object, int)'> (0x00000007141b8ea0) 
thrown [s\open\src\hotspot\share\interpreter\linkResolver.cpp, line 759]

VM Operations (6 events):
Event: 0.207 Executing VM operation: HandshakeAllThreads
Event: 0.207 Executing VM operation: HandshakeAllThreads done
Event: 0.502 Executing VM operation: HandshakeAllThreads
Event: 0.502 Executing VM operation: HandshakeAllThreads done
Event: 0.517 Executing VM operation: HandshakeAllThreads
Event: 0.517 Executing VM operation: HandshakeAllThreads done

Events (20 events):
Event: 0.672 loading class java/util/concurrent/LinkedBlockingQueue$Node
Event: 0.672 loading class java/util/concurrent/LinkedBlockingQueue$Node done
Event: 0.676 loading class java/net/URLClassLoader$3
Event: 0.677 loading class java/net/URLClassLoader$3 done
Event: 0.677 loading class java/net/URLClassLoader$3$1
Event: 0.677 loading class java/net/URLClassLoader$3$1 done
Event: 0.682 loading class java/util/LinkedHashMap$LinkedKeySet
Event: 0.682 loading class java/util/LinkedHashMap$LinkedKeySet done
Event: 0.682 loading class java/util/LinkedHashMap$LinkedKeyIterator
Event: 0.682 loading class java/util/LinkedHashMap$LinkedKeyIterator done
Event: 0.704 loading class jdk/internal/loader/URLClassPath$FileLoader$1
Event: 0.704 loading class jdk/internal/loader/URLClassPath$FileLoader$1 done
Event: 0.709 loading class sun/net/ProgressMonitor
Event: 0.709 loading class sun/net/ProgressMonitor done
Event: 0.709 loading class sun/net/DefaultProgressMeteringPolicy
Event: 0.709 loading class sun/net/ProgressMeteringPolicy
Event: 0.709 loading class sun/net/ProgressMeteringPolicy done
Event: 0.709 loading class sun/net/DefaultProgressMeteringPolicy done
Event: 0.713 loading class java/lang/InstantiationException
Event: 0.713 loading class java/lang/InstantiationException done


Dynamic libraries:
0x00007ff7ebf30000 - 0x00007ff7ebf40000 	C:\Program Files\Java\jdk-17\bin\java.exe
0x00007fff80c10000 - 0x00007fff80e27000 	C:\WINDOWS\SYSTEM32\ntdll.dll
0x00007fff7fe70000 - 0x00007fff7ff34000 	C:\WINDOWS\System32\KERNEL32.DLL
0x00007fff7e190000 - 0x00007fff7e535000 	C:\WINDOWS\System32\KERNELBASE.dll
0x00007fff7e070000 - 0x00007fff7e181000 	C:\WINDOWS\System32\ucrtbase.dll
0x00007fff6c3f0000 - 0x00007fff6c409000 	C:\Program Files\Java\jdk-17\bin\jli.dll
0x00007fff80310000 - 0x00007fff803c1000 	C:\WINDOWS\System32\ADVAPI32.dll
0x00007fff807f0000 - 0x00007fff80897000 	C:\WINDOWS\System32\msvcrt.dll
0x00007fff80220000 - 0x00007fff802c6000 	C:\WINDOWS\System32\sechost.dll
0x00007fff7fd50000 - 0x00007fff7fe67000 	C:\WINDOWS\System32\RPCRT4.dll
0x00007fff7f900000 - 0x00007fff7faae000 	C:\WINDOWS\System32\USER32.dll
0x00007fff7e930000 - 0x00007fff7e956000 	C:\WINDOWS\System32\win32u.dll
0x00007fff809a0000 - 0x00007fff809c9000 	C:\WINDOWS\System32\GDI32.dll
0x00007fff7e540000 - 0x00007fff7e659000 	C:\WINDOWS\System32\gdi32full.dll
0x00007fff7e660000 - 0x00007fff7e6fa000 	C:\WINDOWS\System32\msvcp_win.dll
0x00007fff78df0000 - 0x00007fff78e0b000 	C:\Program Files\Java\jdk-17\bin\VCRUNTIME140.dll
0x00007fff57370000 - 0x00007fff57603000 	C:\WINDOWS\WinSxS\amd64_microsoft.windows.common-controls_6595b64144ccf1df_6.0.22621.2506_none_270c5ae97388e100\COMCTL32.dll
0x00007fff6f4a0000 - 0x00007fff6f4aa000 	C:\WINDOWS\SYSTEM32\VERSION.dll
0x00007fff7ff40000 - 0x00007fff7ff71000 	C:\WINDOWS\System32\IMM32.DLL
0x00007fff73360000 - 0x00007fff7336c000 	C:\Program Files\Java\jdk-17\bin\vcruntime140_1.dll
0x00007fff6b8a0000 - 0x00007fff6b92e000 	C:\Program Files\Java\jdk-17\bin\msvcp140.dll
0x00007fff057f0000 - 0x00007fff063ce000 	C:\Program Files\Java\jdk-17\bin\server\jvm.dll
0x00007fff802d0000 - 0x00007fff802d8000 	C:\WINDOWS\System32\PSAPI.DLL
0x00007fff5f0d0000 - 0x00007fff5f0d9000 	C:\WINDOWS\SYSTEM32\WSOCK32.dll
0x00007fff7fcd0000 - 0x00007fff7fd41000 	C:\WINDOWS\System32\WS2_32.dll
0x00007fff72900000 - 0x00007fff72934000 	C:\WINDOWS\SYSTEM32\WINMM.dll
0x00007fff7cee0000 - 0x00007fff7cef8000 	C:\WINDOWS\SYSTEM32\kernel.appcore.dll
0x00007fff72af0000 - 0x00007fff72afa000 	C:\Program Files\Java\jdk-17\bin\jimage.dll
0x00007fff7b3c0000 - 0x00007fff7b5f3000 	C:\WINDOWS\SYSTEM32\DBGHELP.DLL
0x00007fff803d0000 - 0x00007fff80759000 	C:\WINDOWS\System32\combase.dll
0x00007fff80140000 - 0x00007fff80217000 	C:\WINDOWS\System32\OLEAUT32.dll
0x00007fff4d070000 - 0x00007fff4d0a2000 	C:\WINDOWS\SYSTEM32\dbgcore.DLL
0x00007fff7dff0000 - 0x00007fff7e06a000 	C:\WINDOWS\System32\bcryptPrimitives.dll
0x00007fff6c4e0000 - 0x00007fff6c505000 	C:\Program Files\Java\jdk-17\bin\java.dll
0x00007fff6c240000 - 0x00007fff6c317000 	C:\Program Files\Java\jdk-17\bin\jsvml.dll
0x00007fff7ee00000 - 0x00007fff7f659000 	C:\WINDOWS\System32\SHELL32.dll
0x00007fff7be50000 - 0x00007fff7c744000 	C:\WINDOWS\SYSTEM32\windows.storage.dll
0x00007fff7bd10000 - 0x00007fff7be4e000 	C:\WINDOWS\SYSTEM32\wintypes.dll
0x00007fff7fbd0000 - 0x00007fff7fcc3000 	C:\WINDOWS\System32\SHCORE.dll
0x00007fff7fab0000 - 0x00007fff7fb0e000 	C:\WINDOWS\System32\shlwapi.dll
0x00007fff7deb0000 - 0x00007fff7ded6000 	C:\WINDOWS\SYSTEM32\profapi.dll
0x00007fff6f550000 - 0x00007fff6f569000 	C:\Program Files\Java\jdk-17\bin\net.dll
0x00007fff74f90000 - 0x00007fff750c7000 	C:\WINDOWS\SYSTEM32\WINHTTP.dll
0x00007fff7d3b0000 - 0x00007fff7d419000 	C:\WINDOWS\system32\mswsock.dll
0x00007fff6c390000 - 0x00007fff6c3a6000 	C:\Program Files\Java\jdk-17\bin\nio.dll
0x00007fff6c0f0000 - 0x00007fff6c108000 	C:\Program Files\Java\jdk-17\bin\zip.dll
0x0000000069ac0000 - 0x0000000069ae4000 	C:\Program Files\NetBeans-19\netbeans\java\maven\lib\jansi-native\Windows\x86_64\jansi.dll
0x00007fff72ad0000 - 0x00007fff72ae0000 	C:\Program Files\Java\jdk-17\bin\verify.dll

dbghelp: loaded successfully - version: 4.0.5 - missing functions: none
symbol engine: initialized successfully - sym options: 0x614 - pdb path: .;C:\Program Files\Java\jdk-17\bin;C:\WINDOWS\SYSTEM32;C:\WINDOWS\WinSxS\amd64_microsoft.windows.common-controls_6595b64144ccf1df_6.0.22621.2506_none_270c5ae97388e100;C:\Program Files\Java\jdk-17\bin\server;C:\Program Files\NetBeans-19\netbeans\java\maven\lib\jansi-native\Windows\x86_64

VM Arguments:
jvm_args: -Dclassworlds.conf=C:\Program Files\NetBeans-19\netbeans\java\maven\bin\m2.conf -Dmaven.home=C:\Program Files\NetBeans-19\netbeans\java\maven -Dlibrary.jansi.path=C:\Program Files\NetBeans-19\netbeans\java\maven\lib\jansi-native -Dmaven.multiModuleProjectDirectory=C:\Users\conta\OneDrive\Documents\Projects\QLKS 
java_command: org.codehaus.plexus.classworlds.launcher.Launcher -Dexec.vmArgs= -Dexec.args=${exec.vmArgs} -classpath %classpath ${exec.mainClass} ${exec.appArgs} -Dexec.appArgs= -Dexec.mainClass=com.mycompany.qlks.QLKS -Dexec.executable=C:\Program Files\Java\jdk-17\bin\java.exe -Dmaven.ext.class.path=C:\Program Files\NetBeans-19\netbeans\java\maven-nblib\netbeans-eventspy.jar -Dfile.encoding=UTF-8 --no-transfer-progress process-classes org.codehaus.mojo:exec-maven-plugin:3.1.0:exec
java_class_path (initial): C:\Program Files\NetBeans-19\netbeans\java\maven\boot\plexus-classworlds-2.7.0.jar
Launcher Type: SUN_STANDARD

[Global flags]
     intx CICompilerCount                          = 4                                         {product} {ergonomic}
     uint ConcGCThreads                            = 2                                         {product} {ergonomic}
     uint G1ConcRefinementThreads                  = 8                                         {product} {ergonomic}
   size_t G1HeapRegionSize                         = 2097152                                   {product} {ergonomic}
    uintx GCDrainStackTargetSize                   = 64                                        {product} {ergonomic}
   size_t InitialHeapSize                          = 264241152                                 {product} {ergonomic}
   size_t MarkStackSize                            = 4194304                                   {product} {ergonomic}
   size_t MaxHeapSize                              = 4217372672                                {product} {ergonomic}
   size_t MaxNewSize                               = 2529165312                                {product} {ergonomic}
   size_t MinHeapDeltaBytes                        = 2097152                                   {product} {ergonomic}
   size_t MinHeapSize                              = 8388608                                   {product} {ergonomic}
    uintx NonNMethodCodeHeapSize                   = 5839372                                {pd product} {ergonomic}
    uintx NonProfiledCodeHeapSize                  = 122909434                              {pd product} {ergonomic}
    uintx ProfiledCodeHeapSize                     = 122909434                              {pd product} {ergonomic}
    uintx ReservedCodeCacheSize                    = 251658240                              {pd product} {ergonomic}
     bool SegmentedCodeCache                       = true                                      {product} {ergonomic}
   size_t SoftMaxHeapSize                          = 4217372672                             {manageable} {ergonomic}
     bool UseCompressedClassPointers               = true                           {product lp64_product} {ergonomic}
     bool UseCompressedOops                        = true                           {product lp64_product} {ergonomic}
     bool UseG1GC                                  = true                                      {product} {ergonomic}
     bool UseLargePagesIndividualAllocation        = false                                  {pd product} {ergonomic}

Logging:
Log output configuration:
 #0: stdout all=warning uptime,level,tags
 #1: stderr all=off uptime,level,tags

Environment Variables:
JAVA_HOME=C:\Program Files\Java\jdk-17
PATH=C:\app\vogiadat\product\12.1.0\dbhome_1\bin;C:\Program Files\Common Files\Oracle\Java\javapath;C:\WINDOWS\system32;C:\WINDOWS;C:\WINDOWS\System32\Wbem;C:\WINDOWS\System32\WindowsPowerShell\v1.0\;C:\WINDOWS\System32\OpenSSH\;C:\Program Files\Git\cmd;C:\Program Files\Microsoft SQL Server\130\Tools\Binn\;C:\Program Files\Microsoft SQL Server\Client SDK\ODBC\170\Tools\Binn\;C:\Program Files\dotnet\;C:\Program Files\Docker\Docker\resources\bin;C:\Program Files\Java\jdk-17\bin;C:\Users\conta\OneDrive\Documents\Tool\ngrok-v3-stable-windows-amd64;C:\Users\conta\Downloads\mongosh-2.0.2-win32-x64\mongosh-2.0.2-win32-x64\bin;C:\Users\conta\AppData\Roaming\nvm;C:\Program Files\nodejs;C:\Users\conta\Downloads\mongodb-database-tools-windows-x86_64-100.9.1\bin;C:\Users\conta\.console-ninja\.bin;C:\Users\conta\AppData\Local\Microsoft\WindowsApps;C:\Users\conta\AppData\Roaming\npm;C:\Users\conta\AppData\Local\Programs\Microsoft VS Code\bin;C:\Users\conta\.dotnet\tools;C:\Users\conta\AppData\Roaming\nvm;C:\Program Files\nodejs
USERNAME=vogiadat
OS=Windows_NT
PROCESSOR_IDENTIFIER=Intel64 Family 6 Model 140 Stepping 1, GenuineIntel



---------------  S Y S T E M  ---------------

OS:
 Windows 11 , 64 bit Build 22621 (10.0.22621.2506)
OS uptime: 0 days 22:18 hours
Hyper-V role detected

CPU: total 8 (initial active 8) (4 cores per cpu, 2 threads per core) family 6 model 140 stepping 1 microcode 0xb4, cx8, cmov, fxsr, ht, mmx, 3dnowpref, sse, sse2, sse3, ssse3, sse4.1, sse4.2, popcnt, lzcnt, tsc, tscinvbit, avx, avx2, aes, erms, clmul, bmi1, bmi2, adx, avx512f, avx512dq, avx512cd, avx512bw, avx512vl, sha, fma, vzeroupper, avx512_vpopcntdq, avx512_vpclmulqdq, avx512_vaes, avx512_vnni, clflush, clflushopt, clwb, avx512_vbmi2, avx512_vbmi, hv

Memory: 4k page, system-wide physical 16087M (4026M free)
TotalPageFile size 34688M (AvailPageFile size 708M)
current process WorkingSet (physical memory assigned to process): 46M, peak: 46M
current process commit charge ("private bytes"): 344M, peak: 344M

vm_info: Java HotSpot(TM) 64-Bit Server VM (17.0.8+9-LTS-211) for windows-amd64 JRE (17.0.8+9-LTS-211), built on Jun 14 2023 10:34:31 by "mach5one" with MS VC++ 17.1 (VS2022)

END.
