#
# There is insufficient memory for the Java Runtime Environment to continue.
# Native memory allocation (mmap) failed to map 264241152 bytes for G1 virtual space
# Possible reasons:
#   The system is out of physical RAM or swap space
#   The process is running with CompressedOops enabled, and the Java Heap may be blocking the growth of the native heap
# Possible solutions:
#   Reduce memory load on the system
#   Increase physical memory or swap space
#   Check if swap backing store is full
#   Decrease Java heap size (-Xmx/-Xms)
#   Decrease number of Java threads
#   Decrease Java thread stack sizes (-Xss)
#   Set larger code cache with -XX:ReservedCodeCacheSize=
#   JVM is running with Zero Based Compressed Oops mode in which the Java heap is
#     placed in the first 32GB address space. The Java Heap base address is the
#     maximum limit for the native heap growth. Please use -XX:HeapBaseMinAddress
#     to set the Java Heap base and to place the Java Heap above 32GB virtual address.
# This output file may be truncated or incomplete.
#
#  Out of Memory Error (os_windows.cpp:3550), pid=22504, tid=1192
#
# JRE version:  (17.0.8+9) (build )
# Java VM: Java HotSpot(TM) 64-Bit Server VM (17.0.8+9-LTS-211, mixed mode, sharing, tiered, compressed oops, compressed class ptrs, g1 gc, windows-amd64)
# No core dump will be written. Minidumps are not enabled by default on client versions of Windows
#

---------------  S U M M A R Y ------------

Command Line: com.mycompany.qlks.QLKS

Host: 11th Gen Intel(R) Core(TM) i5-1145G7 @ 2.60GHz, 8 cores, 15G,  Windows 11 , 64 bit Build 22621 (10.0.22621.2506)
Time: Mon Nov 27 18:13:53 2023 SE Asia Standard Time elapsed time: 0.021384 seconds (0d 0h 0m 0s)

---------------  T H R E A D  ---------------

Current thread (0x0000023a575c12a0):  JavaThread "Unknown thread" [_thread_in_vm, id=1192, stack(0x0000003c9c200000,0x0000003c9c300000)]

Stack: [0x0000003c9c200000,0x0000003c9c300000]
Native frames: (J=compiled Java code, j=interpreted, Vv=VM code, C=native code)
V  [jvm.dll+0x677d0a]
V  [jvm.dll+0x7d8c54]
V  [jvm.dll+0x7da3fe]
V  [jvm.dll+0x7daa63]
V  [jvm.dll+0x245c5f]
V  [jvm.dll+0x674bb9]
V  [jvm.dll+0x6694f2]
V  [jvm.dll+0x3031d6]
V  [jvm.dll+0x30a756]
V  [jvm.dll+0x359f9e]
V  [jvm.dll+0x35a1cf]
V  [jvm.dll+0x2da3e8]
V  [jvm.dll+0x2db354]
V  [jvm.dll+0x7aa711]
V  [jvm.dll+0x367b51]
V  [jvm.dll+0x789979]
V  [jvm.dll+0x3eb05f]
V  [jvm.dll+0x3ecae1]
C  [jli.dll+0x5297]
C  [ucrtbase.dll+0x29363]
C  [KERNEL32.DLL+0x1257d]
C  [ntdll.dll+0x5aa58]


---------------  P R O C E S S  ---------------

Threads class SMR info:
_java_thread_list=0x00007ffb9a9759d8, length=0, elements={
}

Java Threads: ( => current thread )

Other Threads:
  0x0000023a5762bb00 GCTaskThread "GC Thread#0" [stack: 0x0000003c9c300000,0x0000003c9c400000] [id=10040]
  0x0000023a5763c4a0 ConcurrentGCThread "G1 Main Marker" [stack: 0x0000003c9c400000,0x0000003c9c500000] [id=19840]
  0x0000023a5763cdc0 ConcurrentGCThread "G1 Conc#0" [stack: 0x0000003c9c500000,0x0000003c9c600000] [id=19412]

[error occurred during error reporting (printing all threads), id 0xc0000005, EXCEPTION_ACCESS_VIOLATION (0xc0000005) at pc=0x00007ffb9a1ab047]

VM state: not at safepoint (not fully initialized)

VM Mutex/Monitor currently owned by a thread:  ([mutex/lock_event])
[0x0000023a575bc600] Heap_lock - owner thread: 0x0000023a575c12a0

Heap address: 0x0000000704a00000, size: 4022 MB, Compressed Oops mode: Zero based, Oop shift amount: 3

CDS archive(s) mapped at: [0x0000000000000000-0x0000000000000000-0x0000000000000000), size 0, SharedBaseAddress: 0x0000000800000000, ArchiveRelocationMode: 1.
Narrow klass base: 0x0000000000000000, Narrow klass shift: 0, Narrow klass range: 0x0

GC Precious Log:
<Empty>

Heap:
 garbage-first heap   total 0K, used 0K [0x0000000704a00000, 0x0000000800000000)
  region size 2048K, 0 young (0K), 0 survivors (0K)

[error occurred during error reporting (printing heap information), id 0xc0000005, EXCEPTION_ACCESS_VIOLATION (0xc0000005) at pc=0x00007ffb9a591499]

GC Heap History (0 events):
No events

Deoptimization events (0 events):
No events

Classes unloaded (0 events):
No events

Classes redefined (0 events):
No events

Internal exceptions (0 events):
No events

VM Operations (0 events):
No events

Events (1 events):
Event: 0.012 Loaded shared library C:\Program Files\Java\jdk-17\bin\java.dll


Dynamic libraries:
0x00007ff797d80000 - 0x00007ff797d90000 	C:\Program Files\Java\jdk-17\bin\java.exe
0x00007ffbfce50000 - 0x00007ffbfd067000 	C:\WINDOWS\SYSTEM32\ntdll.dll
0x00007ffbfc5e0000 - 0x00007ffbfc6a4000 	C:\WINDOWS\System32\KERNEL32.DLL
0x00007ffbfa420000 - 0x00007ffbfa7c5000 	C:\WINDOWS\System32\KERNELBASE.dll
0x00007ffbfa300000 - 0x00007ffbfa411000 	C:\WINDOWS\System32\ucrtbase.dll
0x00007ffbe7b90000 - 0x00007ffbe7bab000 	C:\Program Files\Java\jdk-17\bin\VCRUNTIME140.dll
0x00007ffbc9040000 - 0x00007ffbc9059000 	C:\Program Files\Java\jdk-17\bin\jli.dll
0x00007ffbfcca0000 - 0x00007ffbfcd51000 	C:\WINDOWS\System32\ADVAPI32.dll
0x00007ffbfc710000 - 0x00007ffbfc7b7000 	C:\WINDOWS\System32\msvcrt.dll
0x00007ffbfcd60000 - 0x00007ffbfce06000 	C:\WINDOWS\System32\sechost.dll
0x00007ffbfcb80000 - 0x00007ffbfcc97000 	C:\WINDOWS\System32\RPCRT4.dll
0x00007ffbfc7c0000 - 0x00007ffbfc96e000 	C:\WINDOWS\System32\USER32.dll
0x00007ffbfa9b0000 - 0x00007ffbfa9d6000 	C:\WINDOWS\System32\win32u.dll
0x00007ffbd5640000 - 0x00007ffbd58d3000 	C:\WINDOWS\WinSxS\amd64_microsoft.windows.common-controls_6595b64144ccf1df_6.0.22621.2506_none_270c5ae97388e100\COMCTL32.dll
0x00007ffbfcb50000 - 0x00007ffbfcb79000 	C:\WINDOWS\System32\GDI32.dll
0x00007ffbfa9e0000 - 0x00007ffbfaaf9000 	C:\WINDOWS\System32\gdi32full.dll
0x00007ffbfab00000 - 0x00007ffbfab9a000 	C:\WINDOWS\System32\msvcp_win.dll
0x00007ffbeb790000 - 0x00007ffbeb79a000 	C:\WINDOWS\SYSTEM32\VERSION.dll
0x00007ffbfcb10000 - 0x00007ffbfcb41000 	C:\WINDOWS\System32\IMM32.DLL
0x00007ffbf4e60000 - 0x00007ffbf4e6c000 	C:\Program Files\Java\jdk-17\bin\vcruntime140_1.dll
0x00007ffbc1af0000 - 0x00007ffbc1b7e000 	C:\Program Files\Java\jdk-17\bin\msvcp140.dll
0x00007ffb99ec0000 - 0x00007ffb9aa9e000 	C:\Program Files\Java\jdk-17\bin\server\jvm.dll
0x00007ffbfcb00000 - 0x00007ffbfcb08000 	C:\WINDOWS\System32\PSAPI.DLL
0x00007ffbee410000 - 0x00007ffbee444000 	C:\WINDOWS\SYSTEM32\WINMM.dll
0x00007ffbdb520000 - 0x00007ffbdb529000 	C:\WINDOWS\SYSTEM32\WSOCK32.dll
0x00007ffbfb730000 - 0x00007ffbfb7a1000 	C:\WINDOWS\System32\WS2_32.dll
0x00007ffbf9120000 - 0x00007ffbf9138000 	C:\WINDOWS\SYSTEM32\kernel.appcore.dll
0x00007ffbefc40000 - 0x00007ffbefc4a000 	C:\Program Files\Java\jdk-17\bin\jimage.dll
0x00007ffbf7a60000 - 0x00007ffbf7c93000 	C:\WINDOWS\SYSTEM32\DBGHELP.DLL
0x00007ffbfbe60000 - 0x00007ffbfc1e9000 	C:\WINDOWS\System32\combase.dll
0x00007ffbfc970000 - 0x00007ffbfca47000 	C:\WINDOWS\System32\OLEAUT32.dll
0x00007ffbc89c0000 - 0x00007ffbc89f2000 	C:\WINDOWS\SYSTEM32\dbgcore.DLL
0x00007ffbfa280000 - 0x00007ffbfa2fa000 	C:\WINDOWS\System32\bcryptPrimitives.dll
0x00007ffbe0960000 - 0x00007ffbe0985000 	C:\Program Files\Java\jdk-17\bin\java.dll

dbghelp: loaded successfully - version: 4.0.5 - missing functions: none
symbol engine: initialized successfully - sym options: 0x614 - pdb path: .;C:\Program Files\Java\jdk-17\bin;C:\WINDOWS\SYSTEM32;C:\WINDOWS\WinSxS\amd64_microsoft.windows.common-controls_6595b64144ccf1df_6.0.22621.2506_none_270c5ae97388e100;C:\Program Files\Java\jdk-17\bin\server

VM Arguments:
java_command: com.mycompany.qlks.QLKS
java_class_path (initial): C:\Users\conta\OneDrive\Documents\Projects\Oracle\App\target\classes;C:\Users\conta\.m2\repository\com\oracle\database\jdbc\ojdbc8\21.9.0.0\ojdbc8-21.9.0.0.jar;C:\Users\conta\.m2\repository\javax\mail\javax.mail-api\1.6.0\javax.mail-api-1.6.0.jar;C:\Users\conta\.m2\repository\com\amdelamar\jhash\2.2.0\jhash-2.2.0.jar;C:\Users\conta\.m2\repository\commons-codec\commons-codec\1.8\commons-codec-1.8.jar
Launcher Type: SUN_STANDARD

[Global flags]
     intx CICompilerCount                          = 4                                         {product} {ergonomic}
     uint ConcGCThreads                            = 2                                         {product} {ergonomic}
     uint G1ConcRefinementThreads                  = 8                                         {product} {ergonomic}
   size_t G1HeapRegionSize                         = 2097152                                   {product} {ergonomic}
    uintx GCDrainStackTargetSize                   = 64                                        {product} {ergonomic}
   size_t InitialHeapSize                          = 264241152                                 {product} {ergonomic}
   size_t MarkStackSize                            = 4194304                                   {product} {ergonomic}
   size_t MaxHeapSize                              = 4217372672                                {product} {ergonomic}
   size_t MinHeapDeltaBytes                        = 2097152                                   {product} {ergonomic}
   size_t MinHeapSize                              = 8388608                                   {product} {ergonomic}
    uintx NonNMethodCodeHeapSize                   = 5839372                                {pd product} {ergonomic}
    uintx NonProfiledCodeHeapSize                  = 122909434                              {pd product} {ergonomic}
    uintx ProfiledCodeHeapSize                     = 122909434                              {pd product} {ergonomic}
    uintx ReservedCodeCacheSize                    = 251658240                              {pd product} {ergonomic}
     bool SegmentedCodeCache                       = true                                      {product} {ergonomic}
   size_t SoftMaxHeapSize                          = 4217372672                             {manageable} {ergonomic}
     bool UseCompressedClassPointers               = true                           {product lp64_product} {ergonomic}
     bool UseCompressedOops                        = true                           {product lp64_product} {ergonomic}
     bool UseG1GC                                  = true                                      {product} {ergonomic}
     bool UseLargePagesIndividualAllocation        = false                                  {pd product} {ergonomic}

Logging:
Log output configuration:
 #0: stdout all=warning uptime,level,tags
 #1: stderr all=off uptime,level,tags

Environment Variables:
JAVA_HOME=C:\Program Files\Java\jdk-17
PATH=C:\app\vogiadat\product\12.1.0\dbhome_1\bin;C:\Program Files\Common Files\Oracle\Java\javapath;C:\WINDOWS\system32;C:\WINDOWS;C:\WINDOWS\System32\Wbem;C:\WINDOWS\System32\WindowsPowerShell\v1.0\;C:\WINDOWS\System32\OpenSSH\;C:\Program Files\Git\cmd;C:\Program Files\Microsoft SQL Server\130\Tools\Binn\;C:\Program Files\Microsoft SQL Server\Client SDK\ODBC\170\Tools\Binn\;C:\Program Files\dotnet\;C:\Program Files\Docker\Docker\resources\bin;C:\Program Files\Java\jdk-17\bin;C:\Users\conta\OneDrive\Documents\Tool\ngrok-v3-stable-windows-amd64;C:\Users\conta\Downloads\mongosh-2.0.2-win32-x64\mongosh-2.0.2-win32-x64\bin;C:\Users\conta\AppData\Roaming\nvm;C:\Program Files\nodejs;C:\Users\conta\Downloads\mongodb-database-tools-windows-x86_64-100.9.1\bin;C:\Users\conta\.console-ninja\.bin;C:\Users\conta\AppData\Local\Microsoft\WindowsApps;C:\Users\conta\AppData\Roaming\npm;C:\Users\conta\AppData\Local\Programs\Microsoft VS Code\bin;C:\Users\conta\.dotnet\tools;C:\Users\conta\AppData\Roaming\nvm;C:\Program Files\nodejs
USERNAME=vogiadat
OS=Windows_NT
PROCESSOR_IDENTIFIER=Intel64 Family 6 Model 140 Stepping 1, GenuineIntel



---------------  S Y S T E M  ---------------

OS:
 Windows 11 , 64 bit Build 22621 (10.0.22621.2506)
OS uptime: 3 days 22:16 hours
Hyper-V role detected

CPU: total 8 (initial active 8) (4 cores per cpu, 2 threads per core) family 6 model 140 stepping 1 microcode 0xb4, cx8, cmov, fxsr, ht, mmx, 3dnowpref, sse, sse2, sse3, ssse3, sse4.1, sse4.2, popcnt, lzcnt, tsc, tscinvbit, avx, avx2, aes, erms, clmul, bmi1, bmi2, adx, avx512f, avx512dq, avx512cd, avx512bw, avx512vl, sha, fma, vzeroupper, avx512_vpopcntdq, avx512_vpclmulqdq, avx512_vaes, avx512_vnni, clflush, clflushopt, clwb, avx512_vbmi2, avx512_vbmi, hv

Memory: 4k page, system-wide physical 16087M (3258M free)
TotalPageFile size 34688M (AvailPageFile size 231M)
current process WorkingSet (physical memory assigned to process): 11M, peak: 11M
current process commit charge ("private bytes"): 60M, peak: 312M

vm_info: Java HotSpot(TM) 64-Bit Server VM (17.0.8+9-LTS-211) for windows-amd64 JRE (17.0.8+9-LTS-211), built on Jun 14 2023 10:34:31 by "mach5one" with MS VC++ 17.1 (VS2022)

END.
