#
# There is insufficient memory for the Java Runtime Environment to continue.
# Native memory allocation (malloc) failed to allocate 426976 bytes for Chunk::new
# Possible reasons:
#   The system is out of physical RAM or swap space
#   The process is running with CompressedOops enabled, and the Java Heap may be blocking the growth of the native heap
# Possible solutions:
#   Reduce memory load on the system
#   Increase physical memory or swap space
#   Check if swap backing store is full
#   Decrease Java heap size (-Xmx/-Xms)
#   Decrease number of Java threads
#   Decrease Java thread stack sizes (-Xss)
#   Set larger code cache with -XX:ReservedCodeCacheSize=
#   JVM is running with Zero Based Compressed Oops mode in which the Java heap is
#     placed in the first 32GB address space. The Java Heap base address is the
#     maximum limit for the native heap growth. Please use -XX:HeapBaseMinAddress
#     to set the Java Heap base and to place the Java Heap above 32GB virtual address.
# This output file may be truncated or incomplete.
#
#  Out of Memory Error (arena.cpp:189), pid=19184, tid=3116
#
# JRE version: Java(TM) SE Runtime Environment (17.0.8+9) (build 17.0.8+9-LTS-211)
# Java VM: Java HotSpot(TM) 64-Bit Server VM (17.0.8+9-LTS-211, mixed mode, sharing, tiered, compressed oops, compressed class ptrs, g1 gc, windows-amd64)
# No core dump will be written. Minidumps are not enabled by default on client versions of Windows
#

---------------  S U M M A R Y ------------

Command Line: com.mycompany.qlks.QLKS

Host: 11th Gen Intel(R) Core(TM) i5-1145G7 @ 2.60GHz, 8 cores, 15G,  Windows 11 , 64 bit Build 22621 (10.0.22621.2506)
Time: Thu Nov 23 15:33:00 2023 SE Asia Standard Time elapsed time: 26.859549 seconds (0d 0h 0m 26s)

---------------  T H R E A D  ---------------

Current thread (0x000001ddb68e0e90):  JavaThread "C2 CompilerThread0" daemon [_thread_in_native, id=3116, stack(0x0000003a61500000,0x0000003a61600000)]


Current CompileTask:
C2:  26859 2738   !   4       java.awt.GradientPaintContext::<init> (649 bytes)

Stack: [0x0000003a61500000,0x0000003a61600000]
Native frames: (J=compiled Java code, j=interpreted, Vv=VM code, C=native code)
V  [jvm.dll+0x677d0a]
V  [jvm.dll+0x7d8c54]
V  [jvm.dll+0x7da3fe]
V  [jvm.dll+0x7daa63]
V  [jvm.dll+0x245c5f]
V  [jvm.dll+0xaaa6b]
V  [jvm.dll+0xab00c]
V  [jvm.dll+0x2ab5cf]
V  [jvm.dll+0x580435]
V  [jvm.dll+0x220b22]
V  [jvm.dll+0x220eff]
V  [jvm.dll+0x219e56]
V  [jvm.dll+0x217329]
V  [jvm.dll+0x1a3af0]
V  [jvm.dll+0x2270be]
V  [jvm.dll+0x22535b]
V  [jvm.dll+0x78e7bc]
V  [jvm.dll+0x788bba]
V  [jvm.dll+0x676b35]
C  [ucrtbase.dll+0x29363]
C  [KERNEL32.DLL+0x1257d]
C  [ntdll.dll+0x5aa58]


---------------  P R O C E S S  ---------------

Threads class SMR info:
_java_thread_list=0x000001ddfcd7bc80, length=20, elements={
0x000001ddb68c3b30, 0x000001ddb68c46e0, 0x000001ddb68d9e80, 0x000001ddb68daa30,
0x000001ddb68df800, 0x000001ddb68e01b0, 0x000001ddb68e0e90, 0x000001ddb68e5440,
0x000001ddb68ede40, 0x000001ddb6b1c410, 0x000001ddb6b1eaa0, 0x000001ddfc2b84e0,
0x000001ddfc2b4ef0, 0x000001ddfc657c40, 0x000001ddfc71a020, 0x000001ddfc71a4f0,
0x000001ddfc71a9c0, 0x000001ddfcb717a0, 0x000001ddfcb70930, 0x000001ddfcb71c70
}

Java Threads: ( => current thread )
  0x000001ddb68c3b30 JavaThread "Reference Handler" daemon [_thread_blocked, id=15932, stack(0x0000003a60f00000,0x0000003a61000000)]
  0x000001ddb68c46e0 JavaThread "Finalizer" daemon [_thread_blocked, id=18308, stack(0x0000003a61000000,0x0000003a61100000)]
  0x000001ddb68d9e80 JavaThread "Signal Dispatcher" daemon [_thread_blocked, id=4052, stack(0x0000003a61100000,0x0000003a61200000)]
  0x000001ddb68daa30 JavaThread "Attach Listener" daemon [_thread_blocked, id=4072, stack(0x0000003a61200000,0x0000003a61300000)]
  0x000001ddb68df800 JavaThread "Service Thread" daemon [_thread_blocked, id=21092, stack(0x0000003a61300000,0x0000003a61400000)]
  0x000001ddb68e01b0 JavaThread "Monitor Deflation Thread" daemon [_thread_blocked, id=11240, stack(0x0000003a61400000,0x0000003a61500000)]
=>0x000001ddb68e0e90 JavaThread "C2 CompilerThread0" daemon [_thread_in_native, id=3116, stack(0x0000003a61500000,0x0000003a61600000)]
  0x000001ddb68e5440 JavaThread "C1 CompilerThread0" daemon [_thread_blocked, id=21196, stack(0x0000003a61600000,0x0000003a61700000)]
  0x000001ddb68ede40 JavaThread "Sweeper thread" daemon [_thread_blocked, id=1732, stack(0x0000003a61700000,0x0000003a61800000)]
  0x000001ddb6b1c410 JavaThread "Notification Thread" daemon [_thread_blocked, id=1360, stack(0x0000003a61800000,0x0000003a61900000)]
  0x000001ddb6b1eaa0 JavaThread "Common-Cleaner" daemon [_thread_blocked, id=9100, stack(0x0000003a61a00000,0x0000003a61b00000)]
  0x000001ddfc2b84e0 JavaThread "oracle.jdbc.driver.BlockSource.ThreadedCachingBlockSource.BlockReleaser" daemon [_thread_blocked, id=8364, stack(0x0000003a61c00000,0x0000003a61d00000)]
  0x000001ddfc2b4ef0 JavaThread "InterruptTimer" daemon [_thread_blocked, id=10276, stack(0x0000003a61b00000,0x0000003a61c00000)]
  0x000001ddfc657c40 JavaThread "OJDBC-WORKER-THREAD-1" daemon [_thread_blocked, id=16596, stack(0x0000003a61e00000,0x0000003a61f00000)]
  0x000001ddfc71a020 JavaThread "Java2D Disposer" daemon [_thread_blocked, id=19172, stack(0x0000003a61f00000,0x0000003a62000000)]
  0x000001ddfc71a4f0 JavaThread "AWT-Shutdown" [_thread_blocked, id=19832, stack(0x0000003a62000000,0x0000003a62100000)]
  0x000001ddfc71a9c0 JavaThread "AWT-Windows" daemon [_thread_in_native, id=7312, stack(0x0000003a62100000,0x0000003a62200000)]
  0x000001ddfcb717a0 JavaThread "AWT-EventQueue-0" [_thread_blocked, id=5852, stack(0x0000003a62300000,0x0000003a62400000)]
  0x000001ddfcb70930 JavaThread "DestroyJavaVM" [_thread_blocked, id=14904, stack(0x0000003a60800000,0x0000003a60900000)]
  0x000001ddfcb71c70 JavaThread "TimerQueue" daemon [_thread_blocked, id=12216, stack(0x0000003a62e00000,0x0000003a62f00000)]

Other Threads:
  0x000001ddb68bf090 VMThread "VM Thread" [stack: 0x0000003a60e00000,0x0000003a60f00000] [id=2256]
  0x000001dd93dc3420 WatcherThread [stack: 0x0000003a61900000,0x0000003a61a00000] [id=4872]
  0x000001dd93d98f10 GCTaskThread "GC Thread#0" [stack: 0x0000003a60900000,0x0000003a60a00000] [id=7124]
  0x000001ddfc74e7c0 GCTaskThread "GC Thread#1" [stack: 0x0000003a62400000,0x0000003a62500000] [id=13000]
  0x000001ddfc74ea70 GCTaskThread "GC Thread#2" [stack: 0x0000003a62500000,0x0000003a62600000] [id=14156]
  0x000001ddfc74ed20 GCTaskThread "GC Thread#3" [stack: 0x0000003a62600000,0x0000003a62700000] [id=14736]
  0x000001ddfc74efd0 GCTaskThread "GC Thread#4" [stack: 0x0000003a62700000,0x0000003a62800000] [id=5480]
  0x000001ddfcba4b40 GCTaskThread "GC Thread#5" [stack: 0x0000003a62800000,0x0000003a62900000] [id=11904]
  0x000001ddfcbddc50 GCTaskThread "GC Thread#6" [stack: 0x0000003a62900000,0x0000003a62a00000] [id=14352]
  0x000001ddfcbddf00 GCTaskThread "GC Thread#7" [stack: 0x0000003a62a00000,0x0000003a62b00000] [id=7104]
  0x000001dd93da99a0 ConcurrentGCThread "G1 Main Marker" [stack: 0x0000003a60a00000,0x0000003a60b00000] [id=11852]
  0x000001dd93daa3b0 ConcurrentGCThread "G1 Conc#0" [stack: 0x0000003a60b00000,0x0000003a60c00000] [id=12956]
  0x000001ddfcd16590 ConcurrentGCThread "G1 Conc#1" [stack: 0x0000003a61d00000,0x0000003a61e00000] [id=17248]
  0x000001dd93dfe340 ConcurrentGCThread "G1 Refine#0" [stack: 0x0000003a60c00000,0x0000003a60d00000] [id=21172]
  0x000001ddb677b120 ConcurrentGCThread "G1 Service" [stack: 0x0000003a60d00000,0x0000003a60e00000] [id=4712]

Threads with active compile tasks:
C2 CompilerThread0    26899 2738   !   4       java.awt.GradientPaintContext::<init> (649 bytes)

VM state: not at safepoint (normal execution)

VM Mutex/Monitor currently owned by a thread: None

Heap address: 0x0000000704a00000, size: 4022 MB, Compressed Oops mode: Zero based, Oop shift amount: 3

CDS archive(s) mapped at: [0x000001ddb7000000-0x000001ddb7bd0000-0x000001ddb7bd0000), size 12386304, SharedBaseAddress: 0x000001ddb7000000, ArchiveRelocationMode: 1.
Compressed class space mapped at: 0x000001ddb8000000-0x000001ddf8000000, reserved size: 1073741824
Narrow klass base: 0x000001ddb7000000, Narrow klass shift: 0, Narrow klass range: 0x100000000

GC Precious Log:
 CPUs: 8 total, 8 available
 Memory: 16087M
 Large Page Support: Disabled
 NUMA Support: Disabled
 Compressed Oops: Enabled (Zero based)
 Heap Region Size: 2M
 Heap Min Capacity: 8M
 Heap Initial Capacity: 252M
 Heap Max Capacity: 4022M
 Pre-touch: Disabled
 Parallel Workers: 8
 Concurrent Workers: 2
 Concurrent Refinement Workers: 8
 Periodic GC: Disabled

Heap:
 garbage-first heap   total 34816K, used 16262K [0x0000000704a00000, 0x0000000800000000)
  region size 2048K, 3 young (6144K), 1 survivors (2048K)
 Metaspace       used 22520K, committed 22784K, reserved 1114112K
  class space    used 2659K, committed 2816K, reserved 1048576K

Heap Regions: E=young(eden), S=young(survivor), O=old, HS=humongous(starts), HC=humongous(continues), CS=collection set, F=free, OA=open archive, CA=closed archive, TAMS=top-at-mark-start (previous, next)
|   0|0x0000000704a00000, 0x0000000704c00000, 0x0000000704c00000|100%| O|  |TAMS 0x0000000704a22c00, 0x0000000704a00000| Untracked 
|   1|0x0000000704c00000, 0x0000000704e00000, 0x0000000704e00000|100%| O|  |TAMS 0x0000000704c00000, 0x0000000704c00000| Untracked 
|   2|0x0000000704e00000, 0x0000000704e00000, 0x0000000705000000|  0%| F|  |TAMS 0x0000000704e00000, 0x0000000704e00000| Untracked 
|   3|0x0000000705000000, 0x0000000705200000, 0x0000000705200000|100%|HS|  |TAMS 0x0000000705000000, 0x0000000705000000| Complete 
|   4|0x0000000705200000, 0x0000000705400000, 0x0000000705400000|100%|HC|  |TAMS 0x0000000705200000, 0x0000000705200000| Complete 
|   5|0x0000000705400000, 0x0000000705600000, 0x0000000705600000|100%|HC|  |TAMS 0x0000000705400000, 0x0000000705400000| Complete 
|   6|0x0000000705600000, 0x0000000705800000, 0x0000000705800000|100%|HC|  |TAMS 0x0000000705600000, 0x0000000705600000| Complete 
|   7|0x0000000705800000, 0x0000000705950e00, 0x0000000705a00000| 65%| O|  |TAMS 0x0000000705800000, 0x0000000705800000| Untracked 
|   8|0x0000000705a00000, 0x0000000705a00000, 0x0000000705c00000|  0%| F|  |TAMS 0x0000000705a00000, 0x0000000705a00000| Untracked 
|   9|0x0000000705c00000, 0x0000000705c00000, 0x0000000705e00000|  0%| F|  |TAMS 0x0000000705c00000, 0x0000000705c00000| Untracked 
|  10|0x0000000705e00000, 0x0000000705e00000, 0x0000000706000000|  0%| F|  |TAMS 0x0000000705e00000, 0x0000000705e00000| Untracked 
|  11|0x0000000706000000, 0x0000000706000000, 0x0000000706200000|  0%| F|  |TAMS 0x0000000706000000, 0x0000000706000000| Untracked 
|  12|0x0000000706200000, 0x0000000706200000, 0x0000000706400000|  0%| F|  |TAMS 0x0000000706200000, 0x0000000706200000| Untracked 
|  13|0x0000000706400000, 0x0000000706400000, 0x0000000706600000|  0%| F|  |TAMS 0x0000000706400000, 0x0000000706400000| Untracked 
|  14|0x0000000706600000, 0x00000007067b0790, 0x0000000706800000| 84%| E|  |TAMS 0x0000000706600000, 0x0000000706600000| Complete 
| 120|0x0000000713a00000, 0x0000000713a90ca8, 0x0000000713c00000| 28%| S|CS|TAMS 0x0000000713a00000, 0x0000000713a00000| Complete 
| 125|0x0000000714400000, 0x0000000714600000, 0x0000000714600000|100%| E|CS|TAMS 0x0000000714400000, 0x0000000714400000| Complete 

Card table byte_map: [0x000001ddab0f0000,0x000001ddab8d0000] _byte_map_base: 0x000001dda78cb000

Marking Bits (Prev, Next): (CMBitMap*) 0x000001dd93d99560, (CMBitMap*) 0x000001dd93d99520
 Prev Bits: [0x000001ddaff90000, 0x000001ddb3e68000)
 Next Bits: [0x000001ddac0b0000, 0x000001ddaff88000)

Polling page: 0x000001dd93500000

Metaspace:

Usage:
  Non-class:     19.40 MB used.
      Class:      2.60 MB used.
       Both:     21.99 MB used.

Virtual space:
  Non-class space:       64.00 MB reserved,      19.50 MB ( 30%) committed,  1 nodes.
      Class space:        1.00 GB reserved,       2.75 MB ( <1%) committed,  1 nodes.
             Both:        1.06 GB reserved,      22.25 MB (  2%) committed. 

Chunk freelists:
   Non-Class:  12.44 MB
       Class:  13.28 MB
        Both:  25.72 MB

MaxMetaspaceSize: unlimited
CompressedClassSpaceSize: 1.00 GB
Initial GC threshold: 21.00 MB
Current GC threshold: 35.12 MB
CDS: on
MetaspaceReclaimPolicy: balanced
 - commit_granule_bytes: 65536.
 - commit_granule_words: 8192.
 - virtual_space_node_default_size: 8388608.
 - enlarge_chunks_in_place: 1.
 - new_chunks_are_fully_committed: 0.
 - uncommit_free_chunks: 1.
 - use_allocation_guard: 0.
 - handle_deallocations: 1.


Internal statistics:

num_allocs_failed_limit: 3.
num_arena_births: 182.
num_arena_deaths: 0.
num_vsnodes_births: 2.
num_vsnodes_deaths: 0.
num_space_committed: 356.
num_space_uncommitted: 0.
num_chunks_returned_to_freelist: 3.
num_chunks_taken_from_freelist: 517.
num_chunk_merges: 3.
num_chunk_splits: 356.
num_chunks_enlarged: 255.
num_purges: 0.
num_inconsistent_stats: 0.

CodeHeap 'non-profiled nmethods': size=120000Kb used=923Kb max_used=923Kb free=119076Kb
 bounds [0x000001dda30a0000, 0x000001dda3310000, 0x000001ddaa5d0000]
CodeHeap 'profiled nmethods': size=120000Kb used=5211Kb max_used=5211Kb free=114788Kb
 bounds [0x000001dd9b5d0000, 0x000001dd9baf0000, 0x000001dda2b00000]
CodeHeap 'non-nmethods': size=5760Kb used=1399Kb max_used=1424Kb free=4360Kb
 bounds [0x000001dda2b00000, 0x000001dda2d70000, 0x000001dda30a0000]
 total_blobs=3479 nmethods=2741 adapters=650
 compilation: enabled
              stopped_count=0, restarted_count=0
 full_count=0

Compilation events (20 events):
Event: 26.823 Thread 0x000001ddb68e5440 nmethod 2734 0x000001dda3186290 code [0x000001dda3186420, 0x000001dda31864f8]
Event: 26.823 Thread 0x000001ddb68e5440 2735       1       java.awt.image.ColorModel::getColorSpace (5 bytes)
Event: 26.823 Thread 0x000001ddb68e5440 nmethod 2735 0x000001dda3186590 code [0x000001dda3186720, 0x000001dda31867f8]
Event: 26.823 Thread 0x000001ddb68e5440 2736       1       sun.awt.image.VolatileSurfaceManager::contentsLost (5 bytes)
Event: 26.823 Thread 0x000001ddb68e5440 nmethod 2736 0x000001dda3186890 code [0x000001dda3186a20, 0x000001dda3186af8]
Event: 26.823 Thread 0x000001ddb68e5440 2737       1       java.awt.image.DataBuffer::getDataType (5 bytes)
Event: 26.823 Thread 0x000001ddb68e5440 nmethod 2737 0x000001dda3186b90 code [0x000001dda3186d20, 0x000001dda3186df8]
Event: 26.823 Thread 0x000001ddb68e0e90 2738   !   4       java.awt.GradientPaintContext::<init> (649 bytes)
Event: 26.824 Thread 0x000001ddb68e5440 2739       3       sun.java2d.SurfaceData::getMaskFill (24 bytes)
Event: 26.824 Thread 0x000001ddb68e5440 nmethod 2739 0x000001dd9bae2790 code [0x000001dd9bae2960, 0x000001dd9bae2c18]
Event: 26.824 Thread 0x000001ddb68e5440 2742       3       sun.java2d.loops.Blit::getFromCache (93 bytes)
Event: 26.825 Thread 0x000001ddb68e5440 nmethod 2742 0x000001dd9bae2d90 code [0x000001dd9bae3000, 0x000001dd9bae37d8]
Event: 26.825 Thread 0x000001ddb68e5440 2741       3       sun.java2d.pipe.Region::isRectangular (13 bytes)
Event: 26.825 Thread 0x000001ddb68e5440 nmethod 2741 0x000001dd9bae3b10 code [0x000001dd9bae3ca0, 0x000001dd9bae3e18]
Event: 26.825 Thread 0x000001ddb68e5440 2740       3       sun.java2d.SunGraphics2D::makeHints (183 bytes)
Event: 26.826 Thread 0x000001ddb68e5440 nmethod 2740 0x000001dd9bae3e90 code [0x000001dd9bae41a0, 0x000001dd9bae4fc8]
Event: 26.838 Thread 0x000001ddb68e5440 2743       3       java.awt.LightweightDispatcher::retargetMouseEnterExit (79 bytes)
Event: 26.838 Thread 0x000001ddb68e5440 nmethod 2743 0x000001dd9bae5710 code [0x000001dd9bae58e0, 0x000001dd9bae5ef8]
Event: 26.838 Thread 0x000001ddb68e5440 2744       3       java.awt.LightweightDispatcher::isMouseGrab (49 bytes)
Event: 26.839 Thread 0x000001ddb68e5440 nmethod 2744 0x000001dd9bae6090 code [0x000001dd9bae6280, 0x000001dd9bae6a68]

GC Heap History (8 events):
Event: 1.432 GC heap before
{Heap before GC invocations=0 (full 0):
 garbage-first heap   total 258048K, used 22528K [0x0000000704a00000, 0x0000000800000000)
  region size 2048K, 11 young (22528K), 0 survivors (0K)
 Metaspace       used 14093K, committed 14272K, reserved 1114112K
  class space    used 1493K, committed 1600K, reserved 1048576K
}
Event: 1.448 GC heap after
{Heap after GC invocations=1 (full 0):
 garbage-first heap   total 258048K, used 4235K [0x0000000704a00000, 0x0000000800000000)
  region size 2048K, 2 young (4096K), 2 survivors (4096K)
 Metaspace       used 14093K, committed 14272K, reserved 1114112K
  class space    used 1493K, committed 1600K, reserved 1048576K
}
Event: 3.383 GC heap before
{Heap before GC invocations=1 (full 0):
 garbage-first heap   total 258048K, used 10379K [0x0000000704a00000, 0x0000000800000000)
  region size 2048K, 7 young (14336K), 2 survivors (4096K)
 Metaspace       used 21234K, committed 21504K, reserved 1114112K
  class space    used 2539K, committed 2688K, reserved 1048576K
}
Event: 3.400 GC heap after
{Heap after GC invocations=2 (full 0):
 garbage-first heap   total 258048K, used 5946K [0x0000000704a00000, 0x0000000800000000)
  region size 2048K, 1 young (2048K), 1 survivors (2048K)
 Metaspace       used 21234K, committed 21504K, reserved 1114112K
  class space    used 2539K, committed 2688K, reserved 1048576K
}
Event: 7.152 GC heap before
{Heap before GC invocations=3 (full 0):
 garbage-first heap   total 34816K, used 24378K [0x0000000704a00000, 0x0000000800000000)
  region size 2048K, 7 young (14336K), 1 survivors (2048K)
 Metaspace       used 22285K, committed 22528K, reserved 1114112K
  class space    used 2640K, committed 2752K, reserved 1048576K
}
Event: 7.156 GC heap after
{Heap after GC invocations=4 (full 0):
 garbage-first heap   total 34816K, used 14294K [0x0000000704a00000, 0x0000000800000000)
  region size 2048K, 1 young (2048K), 1 survivors (2048K)
 Metaspace       used 22285K, committed 22528K, reserved 1114112K
  class space    used 2640K, committed 2752K, reserved 1048576K
}
Event: 7.174 GC heap before
{Heap before GC invocations=4 (full 0):
 garbage-first heap   total 34816K, used 16342K [0x0000000704a00000, 0x0000000800000000)
  region size 2048K, 2 young (4096K), 1 survivors (2048K)
 Metaspace       used 22287K, committed 22528K, reserved 1114112K
  class space    used 2640K, committed 2752K, reserved 1048576K
}
Event: 7.178 GC heap after
{Heap after GC invocations=5 (full 0):
 garbage-first heap   total 34816K, used 14214K [0x0000000704a00000, 0x0000000800000000)
  region size 2048K, 1 young (2048K), 1 survivors (2048K)
 Metaspace       used 22287K, committed 22528K, reserved 1114112K
  class space    used 2640K, committed 2752K, reserved 1048576K
}

Deoptimization events (20 events):
Event: 7.073 Thread 0x000001ddfcb717a0 DEOPT PACKING pc=0x000001dda3163330 sp=0x0000003a623fdec0
Event: 7.073 Thread 0x000001ddfcb717a0 DEOPT UNPACKING pc=0x000001dda2b55ba3 sp=0x0000003a623fde88 mode 2
Event: 7.073 Thread 0x000001ddfcb717a0 Uncommon trap: trap_request=0xffffffbe fr.pc=0x000001dda3163330 relative=0x00000000000008f0
Event: 7.073 Thread 0x000001ddfcb717a0 Uncommon trap: reason=profile_predicate action=maybe_recompile pc=0x000001dda3163330 method=java.math.BigInteger.montReduce([I[III)[I @ 56 c2
Event: 7.073 Thread 0x000001ddfcb717a0 DEOPT PACKING pc=0x000001dda3163330 sp=0x0000003a623fdec0
Event: 7.073 Thread 0x000001ddfcb717a0 DEOPT UNPACKING pc=0x000001dda2b55ba3 sp=0x0000003a623fde88 mode 2
Event: 7.111 Thread 0x000001ddfcb717a0 Uncommon trap: trap_request=0xffffffbe fr.pc=0x000001dda3169a1c relative=0x00000000000009dc
Event: 7.111 Thread 0x000001ddfcb717a0 Uncommon trap: reason=profile_predicate action=maybe_recompile pc=0x000001dda3169a1c method=java.math.BigInteger.montReduce([I[III)[I @ 9 c2
Event: 7.111 Thread 0x000001ddfcb717a0 DEOPT PACKING pc=0x000001dda3169a1c sp=0x0000003a623fdeb0
Event: 7.111 Thread 0x000001ddfcb717a0 DEOPT UNPACKING pc=0x000001dda2b55ba3 sp=0x0000003a623fde80 mode 2
Event: 7.112 Thread 0x000001ddfcb717a0 Uncommon trap: trap_request=0xffffffbe fr.pc=0x000001dda3169a1c relative=0x00000000000009dc
Event: 7.112 Thread 0x000001ddfcb717a0 Uncommon trap: reason=profile_predicate action=maybe_recompile pc=0x000001dda3169a1c method=java.math.BigInteger.montReduce([I[III)[I @ 9 c2
Event: 7.112 Thread 0x000001ddfcb717a0 DEOPT PACKING pc=0x000001dda3169a1c sp=0x0000003a623fdeb0
Event: 7.112 Thread 0x000001ddfcb717a0 DEOPT UNPACKING pc=0x000001dda2b55ba3 sp=0x0000003a623fde80 mode 2
Event: 7.141 Thread 0x000001ddfcb717a0 Uncommon trap: trap_request=0xffffff45 fr.pc=0x000001dda316870c relative=0x000000000000016c
Event: 7.141 Thread 0x000001ddfcb717a0 Uncommon trap: reason=unstable_if action=reinterpret pc=0x000001dda316870c method=java.math.MutableBigInteger.normalize()V @ 40 c2
Event: 7.141 Thread 0x000001ddfcb717a0 DEOPT PACKING pc=0x000001dda316870c sp=0x0000003a623fdea0
Event: 7.141 Thread 0x000001ddfcb717a0 DEOPT UNPACKING pc=0x000001dda2b55ba3 sp=0x0000003a623fde28 mode 2
Event: 26.823 Thread 0x000001ddfcb717a0 DEOPT PACKING pc=0x000001dd9ba303c6 sp=0x0000003a623fd4e0
Event: 26.823 Thread 0x000001ddfcb717a0 DEOPT UNPACKING pc=0x000001dda2b566e3 sp=0x0000003a623fc9c8 mode 0

Classes unloaded (0 events):
No events

Classes redefined (0 events):
No events

Internal exceptions (20 events):
Event: 0.556 Thread 0x000001dd93d2e5a0 Exception <a 'java/lang/reflect/InvocationTargetException'{0x0000000713a0e810}> (0x0000000713a0e810) 
thrown [s\open\src\hotspot\share\runtime\reflection.cpp, line 1121]
Event: 0.587 Thread 0x000001dd93d2e5a0 Exception <a 'java/lang/NoSuchMethodError'{0x0000000713b23c60}: 'int java.lang.invoke.DirectMethodHandle$Holder.invokeSpecialIFC(java.lang.Object, java.lang.Object, java.lang.Object, java.lang.Object)'> (0x0000000713b23c60) 
thrown [s\open\src\hotspot\share\interpreter\linkResolver.cpp, line 759]
Event: 0.617 Thread 0x000001dd93d2e5a0 Exception <a 'java/lang/NoSuchMethodError'{0x0000000713b6bfd8}: 'java.lang.Object java.lang.invoke.DirectMethodHandle$Holder.invokeStaticInit(java.lang.Object, int, int, int, int)'> (0x0000000713b6bfd8) 
thrown [s\open\src\hotspot\share\interpreter\linkResolver.cpp, line 759]
Event: 0.764 Thread 0x000001dd93d2e5a0 Exception <a 'java/lang/NoSuchMethodError'{0x0000000713847eb0}: 'java.lang.Object java.lang.invoke.DirectMethodHandle$Holder.invokeStaticInit(java.lang.Object, java.lang.Object, int, int, int, int)'> (0x0000000713847eb0) 
thrown [s\open\src\hotspot\share\interpreter\linkResolver.cpp, line 759]
Event: 0.893 Thread 0x000001dd93d2e5a0 Exception <a 'java/lang/NoSuchMethodError'{0x00000007139f1b70}: 'int java.lang.invoke.DirectMethodHandle$Holder.invokeSpecialIFC(java.lang.Object, java.lang.Object, java.lang.Object)'> (0x00000007139f1b70) 
thrown [s\open\src\hotspot\share\interpreter\linkResolver.cpp, line 759]
Event: 0.910 Thread 0x000001dd93d2e5a0 Exception <a 'java/lang/NoSuchMethodError'{0x0000000713659bb8}: 'java.lang.Object java.lang.invoke.DirectMethodHandle$Holder.invokeVirtual(java.lang.Object, java.lang.Object, int)'> (0x0000000713659bb8) 
thrown [s\open\src\hotspot\share\interpreter\linkResolver.cpp, line 759]
Event: 1.046 Thread 0x000001dd93d2e5a0 Implicit null exception at 0x000001dda30f0cde to 0x000001dda30f1598
Event: 1.176 Thread 0x000001dd93d2e5a0 Implicit null exception at 0x000001dda30fe753 to 0x000001dda30ff324
Event: 1.204 Thread 0x000001dd93d2e5a0 Exception <a 'java/lang/ClassNotFoundException'{0x0000000713284498}: sun/awt/resources/spi/awtProvider> (0x0000000713284498) 
thrown [s\open\src\hotspot\share\classfile\systemDictionary.cpp, line 256]
Event: 1.210 Thread 0x000001dd93d2e5a0 Exception <a 'java/io/FileNotFoundException'{0x0000000713293280}> (0x0000000713293280) 
thrown [s\open\src\hotspot\share\prims\jni.cpp, line 516]
Event: 1.217 Thread 0x000001dd93d2e5a0 Exception <a 'java/io/FileNotFoundException'{0x00000007132c0148}> (0x00000007132c0148) 
thrown [s\open\src\hotspot\share\prims\jni.cpp, line 516]
Event: 1.276 Thread 0x000001dd93d2e5a0 Exception <a 'java/lang/NoSuchMethodError'{0x0000000713388fc0}: 'void java.lang.invoke.DirectMethodHandle$Holder.invokeSpecial(java.lang.Object, java.lang.Object, java.lang.Object)'> (0x0000000713388fc0) 
thrown [s\open\src\hotspot\share\interpreter\linkResolver.cpp, line 759]
Event: 1.285 Thread 0x000001dd93d2e5a0 Exception <a 'java/lang/NoSuchMethodError'{0x00000007133b70a0}: 'java.lang.Object java.lang.invoke.DirectMethodHandle$Holder.newInvokeSpecial(java.lang.Object, java.lang.Object, java.lang.Object, java.lang.Object, java.lang.Object)'> (0x00000007133b70a0) 
thrown [s\open\src\hotspot\share\interpreter\linkResolver.cpp, line 759]
Event: 1.286 Thread 0x000001dd93d2e5a0 Exception <a 'java/lang/NoSuchMethodError'{0x00000007133c2a80}: 'java.lang.Object java.lang.invoke.DirectMethodHandle$Holder.invokeStatic(java.lang.Object, int, java.lang.Object, java.lang.Object, java.lang.Object, java.lang.Object)'> (0x00000007133c2a80) 
thrown [s\open\src\hotspot\share\interpreter\linkResolver.cpp, line 759]
Event: 1.289 Thread 0x000001dd93d2e5a0 Exception <a 'java/lang/NoSuchMethodError'{0x00000007130251f8}: 'java.lang.Object java.lang.invoke.DirectMethodHandle$Holder.invokeStatic(java.lang.Object, int, java.lang.Object)'> (0x00000007130251f8) 
thrown [s\open\src\hotspot\share\interpreter\linkResolver.cpp, line 759]
Event: 1.320 Thread 0x000001dd93d2e5a0 Exception <a 'java/lang/ClassNotFoundException'{0x00000007130e27b0}: com/sun/swing/internal/plaf/metal/resources/spi/metalProvider> (0x00000007130e27b0) 
thrown [s\open\src\hotspot\share\classfile\systemDictionary.cpp, line 256]
Event: 1.321 Thread 0x000001dd93d2e5a0 Exception <a 'java/lang/ClassNotFoundException'{0x00000007130e6390}: com/sun/swing/internal/plaf/basic/resources/spi/basicProvider> (0x00000007130e6390) 
thrown [s\open\src\hotspot\share\classfile\systemDictionary.cpp, line 256]
Event: 1.336 Thread 0x000001ddfc761820 Exception <a 'java/lang/NoSuchMethodError'{0x000000071315eef0}: 'java.lang.Object java.lang.invoke.DirectMethodHandle$Holder.newInvokeSpecial(java.lang.Object, java.lang.Object, java.lang.Object, int, int, int, int, int)'> (0x000000071315eef0) 
thrown [s\open\src\hotspot\share\interpreter\linkResolver.cpp, line 759]
Event: 1.470 Thread 0x000001ddfc71a9c0 Exception <a 'java/lang/NoSuchMethodError'{0x00000007144b9380}: 'void java.lang.invoke.DirectMethodHandle$Holder.invokeVirtual(java.lang.Object, java.lang.Object)'> (0x00000007144b9380) 
thrown [s\open\src\hotspot\share\interpreter\linkResolver.cpp, line 759]
Event: 1.609 Thread 0x000001dd93d2e5a0 Exception <a 'java/lang/NoSuchMethodError'{0x00000007144a8b38}: 'int java.lang.invoke.DirectMethodHandle$Holder.invokeStatic(java.lang.Object)'> (0x00000007144a8b38) 
thrown [s\open\src\hotspot\share\interpreter\linkResolver.cpp, line 759]

VM Operations (20 events):
Event: 3.406 Executing VM operation: G1Concurrent
Event: 3.408 Executing VM operation: G1Concurrent done
Event: 3.412 Executing VM operation: G1Concurrent
Event: 3.412 Executing VM operation: G1Concurrent done
Event: 3.695 Executing VM operation: HandshakeAllThreads
Event: 3.695 Executing VM operation: HandshakeAllThreads done
Event: 4.695 Executing VM operation: Cleanup
Event: 4.695 Executing VM operation: Cleanup done
Event: 5.705 Executing VM operation: Cleanup
Event: 5.706 Executing VM operation: Cleanup done
Event: 7.152 Executing VM operation: G1CollectForAllocation
Event: 7.156 Executing VM operation: G1CollectForAllocation done
Event: 7.174 Executing VM operation: G1CollectForAllocation
Event: 7.178 Executing VM operation: G1CollectForAllocation done
Event: 7.201 Executing VM operation: HandshakeAllThreads
Event: 7.201 Executing VM operation: HandshakeAllThreads done
Event: 8.206 Executing VM operation: Cleanup
Event: 8.206 Executing VM operation: Cleanup done
Event: 9.213 Executing VM operation: Cleanup
Event: 9.213 Executing VM operation: Cleanup done

Events (20 events):
Event: 7.206 loading class java/security/PrivateKey done
Event: 7.206 loading class java/security/interfaces/RSAPrivateKey done
Event: 7.206 loading class java/security/interfaces/RSAPrivateCrtKey done
Event: 7.206 loading class sun/security/pkcs/PKCS8Key
Event: 7.206 loading class sun/security/pkcs/PKCS8Key done
Event: 7.206 loading class sun/security/rsa/RSAPrivateCrtKeyImpl done
Event: 7.206 loading class java/security/KeyPair
Event: 7.206 loading class java/security/KeyPair done
Event: 7.870 Thread 0x000001ddfcdb1f40 Thread exited: 0x000001ddfcdb1f40
Event: 7.870 Thread 0x000001ddfcd91ac0 Thread exited: 0x000001ddfcd91ac0
Event: 8.136 loading class sun/awt/DebugSettings
Event: 8.137 loading class sun/awt/DebugSettings done
Event: 8.137 loading class javax/swing/JComponent$KeyboardState
Event: 8.138 loading class javax/swing/JComponent$KeyboardState done
Event: 8.138 loading class javax/swing/JComponent$IntVector
Event: 8.138 loading class javax/swing/JComponent$IntVector done
Event: 8.138 loading class javax/swing/Popup$HeavyWeightWindow
Event: 8.138 loading class javax/swing/JWindow
Event: 8.138 loading class javax/swing/JWindow done
Event: 8.138 loading class javax/swing/Popup$HeavyWeightWindow done


Dynamic libraries:
0x00007ff7ebf30000 - 0x00007ff7ebf40000 	C:\Program Files\Java\jdk-17\bin\java.exe
0x00007fff80c10000 - 0x00007fff80e27000 	C:\WINDOWS\SYSTEM32\ntdll.dll
0x00007fff7fe70000 - 0x00007fff7ff34000 	C:\WINDOWS\System32\KERNEL32.DLL
0x00007fff7e190000 - 0x00007fff7e535000 	C:\WINDOWS\System32\KERNELBASE.dll
0x00007fff7e070000 - 0x00007fff7e181000 	C:\WINDOWS\System32\ucrtbase.dll
0x00007fff78df0000 - 0x00007fff78e0b000 	C:\Program Files\Java\jdk-17\bin\VCRUNTIME140.dll
0x00007fff67070000 - 0x00007fff67089000 	C:\Program Files\Java\jdk-17\bin\jli.dll
0x00007fff80310000 - 0x00007fff803c1000 	C:\WINDOWS\System32\ADVAPI32.dll
0x00007fff807f0000 - 0x00007fff80897000 	C:\WINDOWS\System32\msvcrt.dll
0x00007fff80220000 - 0x00007fff802c6000 	C:\WINDOWS\System32\sechost.dll
0x00007fff7fd50000 - 0x00007fff7fe67000 	C:\WINDOWS\System32\RPCRT4.dll
0x00007fff7f900000 - 0x00007fff7faae000 	C:\WINDOWS\System32\USER32.dll
0x00007fff7e930000 - 0x00007fff7e956000 	C:\WINDOWS\System32\win32u.dll
0x00007fff809a0000 - 0x00007fff809c9000 	C:\WINDOWS\System32\GDI32.dll
0x00007fff7e540000 - 0x00007fff7e659000 	C:\WINDOWS\System32\gdi32full.dll
0x00007fff7e660000 - 0x00007fff7e6fa000 	C:\WINDOWS\System32\msvcp_win.dll
0x00007fff57370000 - 0x00007fff57603000 	C:\WINDOWS\WinSxS\amd64_microsoft.windows.common-controls_6595b64144ccf1df_6.0.22621.2506_none_270c5ae97388e100\COMCTL32.dll
0x00007fff6f4a0000 - 0x00007fff6f4aa000 	C:\WINDOWS\SYSTEM32\VERSION.dll
0x00007fff7ff40000 - 0x00007fff7ff71000 	C:\WINDOWS\System32\IMM32.DLL
0x00007fff73360000 - 0x00007fff7336c000 	C:\Program Files\Java\jdk-17\bin\vcruntime140_1.dll
0x00007fff6b8a0000 - 0x00007fff6b92e000 	C:\Program Files\Java\jdk-17\bin\msvcp140.dll
0x00007fff057f0000 - 0x00007fff063ce000 	C:\Program Files\Java\jdk-17\bin\server\jvm.dll
0x00007fff802d0000 - 0x00007fff802d8000 	C:\WINDOWS\System32\PSAPI.DLL
0x00007fff5f0d0000 - 0x00007fff5f0d9000 	C:\WINDOWS\SYSTEM32\WSOCK32.dll
0x00007fff7fcd0000 - 0x00007fff7fd41000 	C:\WINDOWS\System32\WS2_32.dll
0x00007fff72900000 - 0x00007fff72934000 	C:\WINDOWS\SYSTEM32\WINMM.dll
0x00007fff7cee0000 - 0x00007fff7cef8000 	C:\WINDOWS\SYSTEM32\kernel.appcore.dll
0x00007fff72af0000 - 0x00007fff72afa000 	C:\Program Files\Java\jdk-17\bin\jimage.dll
0x00007fff7b3c0000 - 0x00007fff7b5f3000 	C:\WINDOWS\SYSTEM32\DBGHELP.DLL
0x00007fff803d0000 - 0x00007fff80759000 	C:\WINDOWS\System32\combase.dll
0x00007fff80140000 - 0x00007fff80217000 	C:\WINDOWS\System32\OLEAUT32.dll
0x00007fff4d070000 - 0x00007fff4d0a2000 	C:\WINDOWS\SYSTEM32\dbgcore.DLL
0x00007fff7dff0000 - 0x00007fff7e06a000 	C:\WINDOWS\System32\bcryptPrimitives.dll
0x00007fff6c4e0000 - 0x00007fff6c505000 	C:\Program Files\Java\jdk-17\bin\java.dll
0x00007fff6c240000 - 0x00007fff6c317000 	C:\Program Files\Java\jdk-17\bin\jsvml.dll
0x00007fff7ee00000 - 0x00007fff7f659000 	C:\WINDOWS\System32\SHELL32.dll
0x00007fff7be50000 - 0x00007fff7c744000 	C:\WINDOWS\SYSTEM32\windows.storage.dll
0x00007fff7bd10000 - 0x00007fff7be4e000 	C:\WINDOWS\SYSTEM32\wintypes.dll
0x00007fff7fbd0000 - 0x00007fff7fcc3000 	C:\WINDOWS\System32\SHCORE.dll
0x00007fff7fab0000 - 0x00007fff7fb0e000 	C:\WINDOWS\System32\shlwapi.dll
0x00007fff7deb0000 - 0x00007fff7ded6000 	C:\WINDOWS\SYSTEM32\profapi.dll
0x00007fff6f550000 - 0x00007fff6f569000 	C:\Program Files\Java\jdk-17\bin\net.dll
0x00007fff74f90000 - 0x00007fff750c7000 	C:\WINDOWS\SYSTEM32\WINHTTP.dll
0x00007fff7d3b0000 - 0x00007fff7d419000 	C:\WINDOWS\system32\mswsock.dll
0x00007fff6c390000 - 0x00007fff6c3a6000 	C:\Program Files\Java\jdk-17\bin\nio.dll
0x00007fff6c0f0000 - 0x00007fff6c108000 	C:\Program Files\Java\jdk-17\bin\zip.dll
0x00007fff778e0000 - 0x00007fff778ea000 	C:\Program Files\Java\jdk-17\bin\management.dll
0x00007fff778d0000 - 0x00007fff778db000 	C:\Program Files\Java\jdk-17\bin\management_ext.dll
0x00007fff7d770000 - 0x00007fff7d78b000 	C:\WINDOWS\SYSTEM32\CRYPTSP.dll
0x00007fff7cea0000 - 0x00007fff7ced5000 	C:\WINDOWS\system32\rsaenh.dll
0x00007fff7d450000 - 0x00007fff7d47c000 	C:\WINDOWS\SYSTEM32\USERENV.dll
0x00007fff7d910000 - 0x00007fff7d938000 	C:\WINDOWS\SYSTEM32\bcrypt.dll
0x00007fff7d6e0000 - 0x00007fff7d6ec000 	C:\WINDOWS\SYSTEM32\CRYPTBASE.dll
0x00007fff7c9b0000 - 0x00007fff7c9dd000 	C:\WINDOWS\SYSTEM32\IPHLPAPI.DLL
0x00007fff802e0000 - 0x00007fff802e9000 	C:\WINDOWS\System32\NSI.dll
0x00007fff74f70000 - 0x00007fff74f89000 	C:\WINDOWS\SYSTEM32\dhcpcsvc6.DLL
0x00007fff747d0000 - 0x00007fff747ef000 	C:\WINDOWS\SYSTEM32\dhcpcsvc.DLL
0x00007fff7c9e0000 - 0x00007fff7cad9000 	C:\WINDOWS\SYSTEM32\DNSAPI.dll
0x00007fff6f350000 - 0x00007fff6f35a000 	C:\Windows\System32\rasadhlp.dll
0x00007fff71780000 - 0x00007fff71803000 	C:\WINDOWS\System32\fwpuclnt.dll
0x00007fff778f0000 - 0x00007fff778fe000 	C:\Program Files\Java\jdk-17\bin\sunmscapi.dll
0x00007fff7e700000 - 0x00007fff7e866000 	C:\WINDOWS\System32\CRYPT32.dll
0x00007fff7d8e0000 - 0x00007fff7d90d000 	C:\WINDOWS\SYSTEM32\ncrypt.dll
0x00007fff7d8a0000 - 0x00007fff7d8d7000 	C:\WINDOWS\SYSTEM32\NTASN1.dll
0x00007fff57350000 - 0x00007fff57367000 	C:\WINDOWS\system32\napinsp.dll
0x00007fff57330000 - 0x00007fff5734b000 	C:\WINDOWS\system32\pnrpnsp.dll
0x00007fff57310000 - 0x00007fff57321000 	C:\WINDOWS\System32\winrnr.dll
0x00007fff572e0000 - 0x00007fff57301000 	C:\WINDOWS\system32\nlansp_c.dll
0x00007fff71b20000 - 0x00007fff71b35000 	C:\WINDOWS\system32\wshbth.dll
0x00007fff4e360000 - 0x00007fff4e4f1000 	C:\Program Files\Java\jdk-17\bin\awt.dll
0x00007fff7aca0000 - 0x00007fff7ad37000 	C:\WINDOWS\SYSTEM32\apphelp.dll
0x00007fff7ade0000 - 0x00007fff7ae8b000 	C:\WINDOWS\system32\uxtheme.dll
0x00007fff7f660000 - 0x00007fff7f7af000 	C:\WINDOWS\System32\MSCTF.dll
0x00007fff80a30000 - 0x00007fff80bd0000 	C:\WINDOWS\System32\ole32.dll
0x00007fff7b2b0000 - 0x00007fff7b2db000 	C:\WINDOWS\system32\DWMAPI.DLL
0x00007fff674e0000 - 0x00007fff67566000 	C:\Program Files\Java\jdk-17\bin\freetype.dll
0x00007fff66c40000 - 0x00007fff66d13000 	C:\Program Files\Java\jdk-17\bin\fontmanager.dll
0x00007fff51df0000 - 0x00007fff51ef0000 	C:\WINDOWS\system32\opengl32.dll
0x00007fff524c0000 - 0x00007fff524ed000 	C:\WINDOWS\SYSTEM32\GLU32.dll
0x00007fff7b160000 - 0x00007fff7b196000 	C:\WINDOWS\SYSTEM32\dxcore.dll
0x00007fff66300000 - 0x00007fff6644a000 	C:\WINDOWS\SYSTEM32\textinputframework.dll
0x00007fff7a8c0000 - 0x00007fff7a9f3000 	C:\WINDOWS\SYSTEM32\CoreMessaging.dll
0x00007fff74950000 - 0x00007fff74cbc000 	C:\WINDOWS\SYSTEM32\CoreUIComponents.dll
0x00007fff7fb20000 - 0x00007fff7fbd0000 	C:\WINDOWS\System32\clbcatq.dll
0x00007fff791c0000 - 0x00007fff79370000 	C:\WINDOWS\SYSTEM32\WindowsCodecs.dll
0x00007fff474a0000 - 0x00007fff474fe000 	C:\WINDOWS\system32\dataexchange.dll
0x00007fff72510000 - 0x00007fff72795000 	C:\WINDOWS\system32\twinapi.appcore.dll

dbghelp: loaded successfully - version: 4.0.5 - missing functions: none
symbol engine: initialized successfully - sym options: 0x614 - pdb path: .;C:\Program Files\Java\jdk-17\bin;C:\WINDOWS\SYSTEM32;C:\WINDOWS\WinSxS\amd64_microsoft.windows.common-controls_6595b64144ccf1df_6.0.22621.2506_none_270c5ae97388e100;C:\Program Files\Java\jdk-17\bin\server

VM Arguments:
java_command: com.mycompany.qlks.QLKS
java_class_path (initial): C:\Users\conta\OneDrive\Documents\Projects\QLKS\target\classes;C:\Users\conta\.m2\repository\com\toedter\jcalendar\1.4\jcalendar-1.4.jar;C:\Users\conta\.m2\repository\com\oracle\database\jdbc\ojdbc8\21.9.0.0\ojdbc8-21.9.0.0.jar;C:\Users\conta\.m2\repository\javax\mail\javax.mail-api\1.6.0\javax.mail-api-1.6.0.jar
Launcher Type: SUN_STANDARD

[Global flags]
     intx CICompilerCount                          = 4                                         {product} {ergonomic}
     uint ConcGCThreads                            = 2                                         {product} {ergonomic}
     uint G1ConcRefinementThreads                  = 8                                         {product} {ergonomic}
   size_t G1HeapRegionSize                         = 2097152                                   {product} {ergonomic}
    uintx GCDrainStackTargetSize                   = 64                                        {product} {ergonomic}
   size_t InitialHeapSize                          = 264241152                                 {product} {ergonomic}
   size_t MarkStackSize                            = 4194304                                   {product} {ergonomic}
   size_t MaxHeapSize                              = 4217372672                                {product} {ergonomic}
   size_t MaxNewSize                               = 2529165312                                {product} {ergonomic}
   size_t MinHeapDeltaBytes                        = 2097152                                   {product} {ergonomic}
   size_t MinHeapSize                              = 8388608                                   {product} {ergonomic}
    uintx NonNMethodCodeHeapSize                   = 5839372                                {pd product} {ergonomic}
    uintx NonProfiledCodeHeapSize                  = 122909434                              {pd product} {ergonomic}
    uintx ProfiledCodeHeapSize                     = 122909434                              {pd product} {ergonomic}
    uintx ReservedCodeCacheSize                    = 251658240                              {pd product} {ergonomic}
     bool SegmentedCodeCache                       = true                                      {product} {ergonomic}
   size_t SoftMaxHeapSize                          = 4217372672                             {manageable} {ergonomic}
     bool UseCompressedClassPointers               = true                           {product lp64_product} {ergonomic}
     bool UseCompressedOops                        = true                           {product lp64_product} {ergonomic}
     bool UseG1GC                                  = true                                      {product} {ergonomic}
     bool UseLargePagesIndividualAllocation        = false                                  {pd product} {ergonomic}

Logging:
Log output configuration:
 #0: stdout all=warning uptime,level,tags
 #1: stderr all=off uptime,level,tags

Environment Variables:
JAVA_HOME=C:\Program Files\Java\jdk-17
PATH=C:\app\vogiadat\product\12.1.0\dbhome_1\bin;C:\Program Files\Common Files\Oracle\Java\javapath;C:\WINDOWS\system32;C:\WINDOWS;C:\WINDOWS\System32\Wbem;C:\WINDOWS\System32\WindowsPowerShell\v1.0\;C:\WINDOWS\System32\OpenSSH\;C:\Program Files\Git\cmd;C:\Program Files\Microsoft SQL Server\130\Tools\Binn\;C:\Program Files\Microsoft SQL Server\Client SDK\ODBC\170\Tools\Binn\;C:\Program Files\dotnet\;C:\Program Files\Docker\Docker\resources\bin;C:\Program Files\Java\jdk-17\bin;C:\Users\conta\OneDrive\Documents\Tool\ngrok-v3-stable-windows-amd64;C:\Users\conta\Downloads\mongosh-2.0.2-win32-x64\mongosh-2.0.2-win32-x64\bin;C:\Users\conta\AppData\Roaming\nvm;C:\Program Files\nodejs;C:\Users\conta\Downloads\mongodb-database-tools-windows-x86_64-100.9.1\bin;C:\Users\conta\.console-ninja\.bin;C:\Users\conta\AppData\Local\Microsoft\WindowsApps;C:\Users\conta\AppData\Roaming\npm;C:\Users\conta\AppData\Local\Programs\Microsoft VS Code\bin;C:\Users\conta\.dotnet\tools;C:\Users\conta\AppData\Roaming\nvm;C:\Program Files\nodejs
USERNAME=vogiadat
OS=Windows_NT
PROCESSOR_IDENTIFIER=Intel64 Family 6 Model 140 Stepping 1, GenuineIntel



---------------  S Y S T E M  ---------------

OS:
 Windows 11 , 64 bit Build 22621 (10.0.22621.2506)
OS uptime: 0 days 21:56 hours
Hyper-V role detected

CPU: total 8 (initial active 8) (4 cores per cpu, 2 threads per core) family 6 model 140 stepping 1 microcode 0xb4, cx8, cmov, fxsr, ht, mmx, 3dnowpref, sse, sse2, sse3, ssse3, sse4.1, sse4.2, popcnt, lzcnt, tsc, tscinvbit, avx, avx2, aes, erms, clmul, bmi1, bmi2, adx, avx512f, avx512dq, avx512cd, avx512bw, avx512vl, sha, fma, vzeroupper, avx512_vpopcntdq, avx512_vpclmulqdq, avx512_vaes, avx512_vnni, clflush, clflushopt, clwb, avx512_vbmi2, avx512_vbmi, hv

Memory: 4k page, system-wide physical 16087M (3709M free)
TotalPageFile size 34688M (AvailPageFile size 0M)
current process WorkingSet (physical memory assigned to process): 116M, peak: 123M
current process commit charge ("private bytes"): 155M, peak: 377M

vm_info: Java HotSpot(TM) 64-Bit Server VM (17.0.8+9-LTS-211) for windows-amd64 JRE (17.0.8+9-LTS-211), built on Jun 14 2023 10:34:31 by "mach5one" with MS VC++ 17.1 (VS2022)

END.
